{"/Users/seandaryanani/bootcamp/collab/skylab-bootcamp-201809/staff/sean-daryanani/final-project/app/src/logic.spec.js":{"path":"/Users/seandaryanani/bootcamp/collab/skylab-bootcamp-201809/staff/sean-daryanani/final-project/app/src/logic.spec.js","statementMap":{"0":{"start":{"line":1,"column":14},"end":{"line":1,"column":35}},"1":{"start":{"line":2,"column":19},"end":{"line":2,"column":34}},"2":{"start":{"line":3,"column":0},"end":{"line":3,"column":27}},"3":{"start":{"line":4,"column":71},"end":{"line":4,"column":86}},"4":{"start":{"line":5,"column":0},"end":{"line":5,"column":49}},"5":{"start":{"line":6,"column":0},"end":{"line":6,"column":39}},"6":{"start":{"line":7,"column":18},"end":{"line":7,"column":55}},"7":{"start":{"line":9,"column":0},"end":{"line":285,"column":2}},"8":{"start":{"line":10,"column":4},"end":{"line":10,"column":94}},"9":{"start":{"line":10,"column":17},"end":{"line":10,"column":93}},"10":{"start":{"line":12,"column":4},"end":{"line":12,"column":125}},"11":{"start":{"line":12,"column":21},"end":{"line":12,"column":124}},"12":{"start":{"line":14,"column":4},"end":{"line":283,"column":6}},"13":{"start":{"line":15,"column":8},"end":{"line":75,"column":10}},"14":{"start":{"line":18,"column":12},"end":{"line":23,"column":14}},"15":{"start":{"line":19,"column":16},"end":{"line":19,"column":43}},"16":{"start":{"line":20,"column":16},"end":{"line":20,"column":54}},"17":{"start":{"line":21,"column":16},"end":{"line":21,"column":47}},"18":{"start":{"line":22,"column":16},"end":{"line":22,"column":47}},"19":{"start":{"line":25,"column":12},"end":{"line":29,"column":14}},"20":{"start":{"line":26,"column":28},"end":{"line":26,"column":85}},"21":{"start":{"line":28,"column":16},"end":{"line":28,"column":43}},"22":{"start":{"line":31,"column":12},"end":{"line":40,"column":14}},"23":{"start":{"line":32,"column":16},"end":{"line":38,"column":17}},"24":{"start":{"line":33,"column":20},"end":{"line":33,"column":77}},"25":{"start":{"line":36,"column":20},"end":{"line":36,"column":55}},"26":{"start":{"line":37,"column":20},"end":{"line":37,"column":91}},"27":{"start":{"line":41,"column":12},"end":{"line":43,"column":14}},"28":{"start":{"line":42,"column":16},"end":{"line":42,"column":135}},"29":{"start":{"line":42,"column":29},"end":{"line":42,"column":85}},"30":{"start":{"line":45,"column":12},"end":{"line":47,"column":14}},"31":{"start":{"line":46,"column":16},"end":{"line":46,"column":121}},"32":{"start":{"line":46,"column":29},"end":{"line":46,"column":78}},"33":{"start":{"line":49,"column":12},"end":{"line":51,"column":14}},"34":{"start":{"line":50,"column":16},"end":{"line":50,"column":128}},"35":{"start":{"line":50,"column":29},"end":{"line":50,"column":85}},"36":{"start":{"line":53,"column":12},"end":{"line":55,"column":14}},"37":{"start":{"line":54,"column":16},"end":{"line":54,"column":118}},"38":{"start":{"line":54,"column":29},"end":{"line":54,"column":77}},"39":{"start":{"line":57,"column":12},"end":{"line":59,"column":14}},"40":{"start":{"line":58,"column":16},"end":{"line":58,"column":125}},"41":{"start":{"line":58,"column":29},"end":{"line":58,"column":84}},"42":{"start":{"line":62,"column":12},"end":{"line":64,"column":14}},"43":{"start":{"line":63,"column":16},"end":{"line":63,"column":121}},"44":{"start":{"line":63,"column":29},"end":{"line":63,"column":74}},"45":{"start":{"line":65,"column":12},"end":{"line":67,"column":14}},"46":{"start":{"line":66,"column":16},"end":{"line":66,"column":126}},"47":{"start":{"line":66,"column":29},"end":{"line":66,"column":79}},"48":{"start":{"line":69,"column":12},"end":{"line":71,"column":14}},"49":{"start":{"line":70,"column":16},"end":{"line":70,"column":121}},"50":{"start":{"line":70,"column":29},"end":{"line":70,"column":74}},"51":{"start":{"line":72,"column":12},"end":{"line":74,"column":14}},"52":{"start":{"line":73,"column":16},"end":{"line":73,"column":129}},"53":{"start":{"line":73,"column":29},"end":{"line":73,"column":82}},"54":{"start":{"line":76,"column":8},"end":{"line":113,"column":10}},"55":{"start":{"line":77,"column":12},"end":{"line":110,"column":14}},"56":{"start":{"line":80,"column":16},"end":{"line":87,"column":18}},"57":{"start":{"line":81,"column":20},"end":{"line":81,"column":47}},"58":{"start":{"line":82,"column":20},"end":{"line":82,"column":58}},"59":{"start":{"line":83,"column":20},"end":{"line":83,"column":51}},"60":{"start":{"line":84,"column":20},"end":{"line":84,"column":51}},"61":{"start":{"line":86,"column":20},"end":{"line":86,"column":77}},"62":{"start":{"line":89,"column":16},"end":{"line":93,"column":18}},"63":{"start":{"line":90,"column":20},"end":{"line":90,"column":64}},"64":{"start":{"line":92,"column":20},"end":{"line":92,"column":43}},"65":{"start":{"line":95,"column":16},"end":{"line":97,"column":18}},"66":{"start":{"line":96,"column":20},"end":{"line":96,"column":122}},"67":{"start":{"line":96,"column":33},"end":{"line":96,"column":72}},"68":{"start":{"line":99,"column":16},"end":{"line":101,"column":18}},"69":{"start":{"line":100,"column":20},"end":{"line":100,"column":122}},"70":{"start":{"line":100,"column":33},"end":{"line":100,"column":72}},"71":{"start":{"line":103,"column":16},"end":{"line":105,"column":18}},"72":{"start":{"line":104,"column":20},"end":{"line":104,"column":112}},"73":{"start":{"line":104,"column":33},"end":{"line":104,"column":65}},"74":{"start":{"line":107,"column":16},"end":{"line":109,"column":18}},"75":{"start":{"line":108,"column":20},"end":{"line":108,"column":112}},"76":{"start":{"line":108,"column":33},"end":{"line":108,"column":65}},"77":{"start":{"line":115,"column":8},"end":{"line":137,"column":10}},"78":{"start":{"line":118,"column":12},"end":{"line":126,"column":14}},"79":{"start":{"line":119,"column":16},"end":{"line":119,"column":43}},"80":{"start":{"line":120,"column":16},"end":{"line":120,"column":54}},"81":{"start":{"line":121,"column":16},"end":{"line":121,"column":47}},"82":{"start":{"line":122,"column":16},"end":{"line":122,"column":47}},"83":{"start":{"line":124,"column":16},"end":{"line":124,"column":73}},"84":{"start":{"line":125,"column":16},"end":{"line":125,"column":60}},"85":{"start":{"line":128,"column":12},"end":{"line":134,"column":14}},"86":{"start":{"line":129,"column":28},"end":{"line":129,"column":48}},"87":{"start":{"line":131,"column":16},"end":{"line":131,"column":43}},"88":{"start":{"line":132,"column":16},"end":{"line":132,"column":52}},"89":{"start":{"line":133,"column":16},"end":{"line":133,"column":51}},"90":{"start":{"line":139,"column":8},"end":{"line":164,"column":10}},"91":{"start":{"line":140,"column":12},"end":{"line":163,"column":14}},"92":{"start":{"line":143,"column":16},"end":{"line":150,"column":18}},"93":{"start":{"line":144,"column":20},"end":{"line":144,"column":47}},"94":{"start":{"line":145,"column":20},"end":{"line":145,"column":58}},"95":{"start":{"line":146,"column":20},"end":{"line":146,"column":51}},"96":{"start":{"line":147,"column":20},"end":{"line":147,"column":51}},"97":{"start":{"line":148,"column":20},"end":{"line":148,"column":77}},"98":{"start":{"line":149,"column":20},"end":{"line":149,"column":64}},"99":{"start":{"line":152,"column":16},"end":{"line":162,"column":18}},"100":{"start":{"line":154,"column":33},"end":{"line":154,"column":66}},"101":{"start":{"line":156,"column":20},"end":{"line":156,"column":55}},"102":{"start":{"line":157,"column":20},"end":{"line":157,"column":56}},"103":{"start":{"line":158,"column":20},"end":{"line":158,"column":66}},"104":{"start":{"line":159,"column":20},"end":{"line":159,"column":52}},"105":{"start":{"line":160,"column":20},"end":{"line":160,"column":57}},"106":{"start":{"line":166,"column":8},"end":{"line":282,"column":10}},"107":{"start":{"line":169,"column":12},"end":{"line":175,"column":14}},"108":{"start":{"line":170,"column":16},"end":{"line":170,"column":106}},"109":{"start":{"line":172,"column":16},"end":{"line":172,"column":33}},"110":{"start":{"line":173,"column":16},"end":{"line":173,"column":70}},"111":{"start":{"line":177,"column":12},"end":{"line":200,"column":14}},"112":{"start":{"line":178,"column":57},"end":{"line":178,"column":61}},"113":{"start":{"line":180,"column":31},"end":{"line":180,"column":56}},"114":{"start":{"line":181,"column":41},"end":{"line":181,"column":76}},"115":{"start":{"line":182,"column":32},"end":{"line":182,"column":58}},"116":{"start":{"line":183,"column":34},"end":{"line":183,"column":69}},"117":{"start":{"line":186,"column":28},"end":{"line":186,"column":103}},"118":{"start":{"line":188,"column":16},"end":{"line":188,"column":43}},"119":{"start":{"line":190,"column":31},"end":{"line":190,"column":48}},"120":{"start":{"line":192,"column":32},"end":{"line":192,"column":38}},"121":{"start":{"line":194,"column":16},"end":{"line":194,"column":50}},"122":{"start":{"line":196,"column":16},"end":{"line":196,"column":70}},"123":{"start":{"line":197,"column":16},"end":{"line":197,"column":52}},"124":{"start":{"line":198,"column":16},"end":{"line":198,"column":52}},"125":{"start":{"line":202,"column":12},"end":{"line":205,"column":14}},"126":{"start":{"line":204,"column":16},"end":{"line":204,"column":155}},"127":{"start":{"line":204,"column":29},"end":{"line":204,"column":105}},"128":{"start":{"line":206,"column":12},"end":{"line":208,"column":14}},"129":{"start":{"line":207,"column":16},"end":{"line":207,"column":151}},"130":{"start":{"line":207,"column":29},"end":{"line":207,"column":101}},"131":{"start":{"line":210,"column":12},"end":{"line":212,"column":14}},"132":{"start":{"line":211,"column":16},"end":{"line":211,"column":154}},"133":{"start":{"line":211,"column":29},"end":{"line":211,"column":104}},"134":{"start":{"line":214,"column":12},"end":{"line":216,"column":14}},"135":{"start":{"line":215,"column":16},"end":{"line":215,"column":154}},"136":{"start":{"line":215,"column":29},"end":{"line":215,"column":104}},"137":{"start":{"line":220,"column":12},"end":{"line":239,"column":14}},"138":{"start":{"line":221,"column":65},"end":{"line":221,"column":69}},"139":{"start":{"line":223,"column":31},"end":{"line":223,"column":56}},"140":{"start":{"line":225,"column":28},"end":{"line":225,"column":83}},"141":{"start":{"line":227,"column":16},"end":{"line":227,"column":43}},"142":{"start":{"line":229,"column":31},"end":{"line":229,"column":48}},"143":{"start":{"line":231,"column":32},"end":{"line":231,"column":38}},"144":{"start":{"line":233,"column":16},"end":{"line":233,"column":50}},"145":{"start":{"line":235,"column":16},"end":{"line":235,"column":67}},"146":{"start":{"line":236,"column":16},"end":{"line":236,"column":49}},"147":{"start":{"line":237,"column":16},"end":{"line":237,"column":85}},"148":{"start":{"line":241,"column":12},"end":{"line":260,"column":14}},"149":{"start":{"line":242,"column":65},"end":{"line":242,"column":69}},"150":{"start":{"line":244,"column":41},"end":{"line":244,"column":76}},"151":{"start":{"line":246,"column":28},"end":{"line":246,"column":93}},"152":{"start":{"line":248,"column":16},"end":{"line":248,"column":43}},"153":{"start":{"line":250,"column":31},"end":{"line":250,"column":48}},"154":{"start":{"line":252,"column":32},"end":{"line":252,"column":38}},"155":{"start":{"line":254,"column":16},"end":{"line":254,"column":70}},"156":{"start":{"line":256,"column":16},"end":{"line":256,"column":47}},"157":{"start":{"line":257,"column":16},"end":{"line":257,"column":49}},"158":{"start":{"line":258,"column":16},"end":{"line":258,"column":85}},"159":{"start":{"line":262,"column":12},"end":{"line":281,"column":14}},"160":{"start":{"line":263,"column":65},"end":{"line":263,"column":69}},"161":{"start":{"line":265,"column":32},"end":{"line":265,"column":58}},"162":{"start":{"line":267,"column":28},"end":{"line":267,"column":92}},"163":{"start":{"line":269,"column":16},"end":{"line":269,"column":43}},"164":{"start":{"line":271,"column":31},"end":{"line":271,"column":48}},"165":{"start":{"line":273,"column":32},"end":{"line":273,"column":38}},"166":{"start":{"line":275,"column":16},"end":{"line":275,"column":52}},"167":{"start":{"line":277,"column":16},"end":{"line":277,"column":47}},"168":{"start":{"line":278,"column":16},"end":{"line":278,"column":67}},"169":{"start":{"line":279,"column":16},"end":{"line":279,"column":85}},"170":{"start":{"line":287,"column":0},"end":{"line":1487,"column":2}},"171":{"start":{"line":288,"column":4},"end":{"line":382,"column":6}},"172":{"start":{"line":291,"column":8},"end":{"line":301,"column":10}},"173":{"start":{"line":292,"column":12},"end":{"line":292,"column":102}},"174":{"start":{"line":293,"column":12},"end":{"line":293,"column":29}},"175":{"start":{"line":295,"column":12},"end":{"line":295,"column":66}},"176":{"start":{"line":296,"column":12},"end":{"line":296,"column":25}},"177":{"start":{"line":297,"column":12},"end":{"line":297,"column":32}},"178":{"start":{"line":298,"column":12},"end":{"line":298,"column":51}},"179":{"start":{"line":299,"column":12},"end":{"line":299,"column":34}},"180":{"start":{"line":303,"column":8},"end":{"line":323,"column":10}},"181":{"start":{"line":306,"column":12},"end":{"line":306,"column":103}},"182":{"start":{"line":308,"column":29},"end":{"line":308,"column":49}},"183":{"start":{"line":310,"column":30},"end":{"line":310,"column":38}},"184":{"start":{"line":312,"column":12},"end":{"line":312,"column":47}},"185":{"start":{"line":314,"column":12},"end":{"line":314,"column":61}},"186":{"start":{"line":316,"column":12},"end":{"line":316,"column":83}},"187":{"start":{"line":319,"column":12},"end":{"line":319,"column":54}},"188":{"start":{"line":325,"column":8},"end":{"line":327,"column":10}},"189":{"start":{"line":326,"column":12},"end":{"line":326,"column":154}},"190":{"start":{"line":326,"column":25},"end":{"line":326,"column":153}},"191":{"start":{"line":329,"column":8},"end":{"line":331,"column":10}},"192":{"start":{"line":330,"column":12},"end":{"line":330,"column":157}},"193":{"start":{"line":330,"column":25},"end":{"line":330,"column":156}},"194":{"start":{"line":332,"column":8},"end":{"line":334,"column":10}},"195":{"start":{"line":333,"column":12},"end":{"line":333,"column":150}},"196":{"start":{"line":333,"column":25},"end":{"line":333,"column":149}},"197":{"start":{"line":336,"column":8},"end":{"line":338,"column":10}},"198":{"start":{"line":337,"column":12},"end":{"line":337,"column":151}},"199":{"start":{"line":337,"column":25},"end":{"line":337,"column":150}},"200":{"start":{"line":340,"column":8},"end":{"line":342,"column":10}},"201":{"start":{"line":341,"column":12},"end":{"line":341,"column":153}},"202":{"start":{"line":341,"column":25},"end":{"line":341,"column":152}},"203":{"start":{"line":344,"column":8},"end":{"line":346,"column":10}},"204":{"start":{"line":345,"column":12},"end":{"line":345,"column":143}},"205":{"start":{"line":345,"column":25},"end":{"line":345,"column":142}},"206":{"start":{"line":348,"column":8},"end":{"line":350,"column":10}},"207":{"start":{"line":349,"column":12},"end":{"line":349,"column":148}},"208":{"start":{"line":349,"column":25},"end":{"line":349,"column":147}},"209":{"start":{"line":351,"column":8},"end":{"line":353,"column":10}},"210":{"start":{"line":352,"column":12},"end":{"line":352,"column":148}},"211":{"start":{"line":352,"column":25},"end":{"line":352,"column":147}},"212":{"start":{"line":355,"column":8},"end":{"line":357,"column":10}},"213":{"start":{"line":356,"column":12},"end":{"line":356,"column":148}},"214":{"start":{"line":356,"column":25},"end":{"line":356,"column":147}},"215":{"start":{"line":359,"column":8},"end":{"line":361,"column":10}},"216":{"start":{"line":360,"column":12},"end":{"line":360,"column":148}},"217":{"start":{"line":360,"column":25},"end":{"line":360,"column":147}},"218":{"start":{"line":363,"column":8},"end":{"line":365,"column":10}},"219":{"start":{"line":364,"column":12},"end":{"line":364,"column":151}},"220":{"start":{"line":364,"column":25},"end":{"line":364,"column":150}},"221":{"start":{"line":367,"column":8},"end":{"line":369,"column":10}},"222":{"start":{"line":368,"column":12},"end":{"line":368,"column":156}},"223":{"start":{"line":368,"column":25},"end":{"line":368,"column":155}},"224":{"start":{"line":370,"column":8},"end":{"line":372,"column":10}},"225":{"start":{"line":371,"column":12},"end":{"line":371,"column":156}},"226":{"start":{"line":371,"column":25},"end":{"line":371,"column":155}},"227":{"start":{"line":374,"column":8},"end":{"line":376,"column":10}},"228":{"start":{"line":375,"column":12},"end":{"line":375,"column":156}},"229":{"start":{"line":375,"column":25},"end":{"line":375,"column":155}},"230":{"start":{"line":378,"column":8},"end":{"line":380,"column":10}},"231":{"start":{"line":379,"column":12},"end":{"line":379,"column":156}},"232":{"start":{"line":379,"column":25},"end":{"line":379,"column":155}},"233":{"start":{"line":384,"column":4},"end":{"line":487,"column":6}},"234":{"start":{"line":387,"column":8},"end":{"line":397,"column":10}},"235":{"start":{"line":388,"column":12},"end":{"line":388,"column":102}},"236":{"start":{"line":390,"column":12},"end":{"line":390,"column":192}},"237":{"start":{"line":392,"column":12},"end":{"line":392,"column":193}},"238":{"start":{"line":394,"column":12},"end":{"line":394,"column":29}},"239":{"start":{"line":395,"column":12},"end":{"line":395,"column":32}},"240":{"start":{"line":396,"column":12},"end":{"line":396,"column":33}},"241":{"start":{"line":399,"column":8},"end":{"line":445,"column":10}},"242":{"start":{"line":400,"column":29},"end":{"line":400,"column":65}},"243":{"start":{"line":402,"column":12},"end":{"line":402,"column":48}},"244":{"start":{"line":404,"column":12},"end":{"line":404,"column":47}},"245":{"start":{"line":406,"column":30},"end":{"line":406,"column":50}},"246":{"start":{"line":408,"column":12},"end":{"line":408,"column":48}},"247":{"start":{"line":410,"column":12},"end":{"line":410,"column":62}},"248":{"start":{"line":412,"column":42},"end":{"line":412,"column":51}},"249":{"start":{"line":414,"column":12},"end":{"line":414,"column":52}},"250":{"start":{"line":415,"column":12},"end":{"line":415,"column":56}},"251":{"start":{"line":416,"column":12},"end":{"line":416,"column":70}},"252":{"start":{"line":417,"column":12},"end":{"line":417,"column":80}},"253":{"start":{"line":418,"column":12},"end":{"line":418,"column":68}},"254":{"start":{"line":420,"column":12},"end":{"line":420,"column":54}},"255":{"start":{"line":421,"column":12},"end":{"line":421,"column":58}},"256":{"start":{"line":422,"column":12},"end":{"line":422,"column":72}},"257":{"start":{"line":423,"column":12},"end":{"line":423,"column":82}},"258":{"start":{"line":424,"column":12},"end":{"line":424,"column":70}},"259":{"start":{"line":426,"column":44},"end":{"line":426,"column":52}},"260":{"start":{"line":428,"column":12},"end":{"line":428,"column":59}},"261":{"start":{"line":429,"column":12},"end":{"line":429,"column":60}},"262":{"start":{"line":431,"column":12},"end":{"line":431,"column":54}},"263":{"start":{"line":432,"column":12},"end":{"line":432,"column":58}},"264":{"start":{"line":433,"column":12},"end":{"line":433,"column":72}},"265":{"start":{"line":434,"column":12},"end":{"line":434,"column":82}},"266":{"start":{"line":435,"column":12},"end":{"line":435,"column":70}},"267":{"start":{"line":437,"column":12},"end":{"line":437,"column":56}},"268":{"start":{"line":438,"column":12},"end":{"line":438,"column":60}},"269":{"start":{"line":439,"column":12},"end":{"line":439,"column":74}},"270":{"start":{"line":440,"column":12},"end":{"line":440,"column":84}},"271":{"start":{"line":441,"column":12},"end":{"line":441,"column":72}},"272":{"start":{"line":448,"column":8},"end":{"line":481,"column":10}},"273":{"start":{"line":449,"column":26},"end":{"line":449,"column":112}},"274":{"start":{"line":451,"column":27},"end":{"line":451,"column":224}},"275":{"start":{"line":453,"column":27},"end":{"line":453,"column":224}},"276":{"start":{"line":455,"column":27},"end":{"line":455,"column":224}},"277":{"start":{"line":457,"column":12},"end":{"line":457,"column":30}},"278":{"start":{"line":458,"column":12},"end":{"line":458,"column":33}},"279":{"start":{"line":459,"column":12},"end":{"line":459,"column":33}},"280":{"start":{"line":460,"column":12},"end":{"line":460,"column":33}},"281":{"start":{"line":462,"column":29},"end":{"line":462,"column":75}},"282":{"start":{"line":464,"column":12},"end":{"line":464,"column":48}},"283":{"start":{"line":466,"column":12},"end":{"line":466,"column":47}},"284":{"start":{"line":468,"column":30},"end":{"line":468,"column":77}},"285":{"start":{"line":470,"column":12},"end":{"line":470,"column":48}},"286":{"start":{"line":472,"column":12},"end":{"line":472,"column":62}},"287":{"start":{"line":474,"column":54},"end":{"line":474,"column":63}},"288":{"start":{"line":476,"column":12},"end":{"line":476,"column":75}},"289":{"start":{"line":477,"column":12},"end":{"line":477,"column":75}},"290":{"start":{"line":478,"column":12},"end":{"line":478,"column":75}},"291":{"start":{"line":489,"column":4},"end":{"line":547,"column":6}},"292":{"start":{"line":492,"column":8},"end":{"line":504,"column":10}},"293":{"start":{"line":494,"column":12},"end":{"line":494,"column":108}},"294":{"start":{"line":496,"column":12},"end":{"line":496,"column":106}},"295":{"start":{"line":498,"column":12},"end":{"line":498,"column":193}},"296":{"start":{"line":500,"column":12},"end":{"line":500,"column":29}},"297":{"start":{"line":501,"column":12},"end":{"line":501,"column":30}},"298":{"start":{"line":502,"column":12},"end":{"line":502,"column":32}},"299":{"start":{"line":503,"column":12},"end":{"line":503,"column":66}},"300":{"start":{"line":506,"column":8},"end":{"line":517,"column":10}},"301":{"start":{"line":508,"column":12},"end":{"line":508,"column":47}},"302":{"start":{"line":510,"column":26},"end":{"line":510,"column":54}},"303":{"start":{"line":512,"column":12},"end":{"line":512,"column":58}},"304":{"start":{"line":514,"column":12},"end":{"line":514,"column":74}},"305":{"start":{"line":519,"column":8},"end":{"line":521,"column":10}},"306":{"start":{"line":520,"column":12},"end":{"line":520,"column":103}},"307":{"start":{"line":520,"column":25},"end":{"line":520,"column":102}},"308":{"start":{"line":522,"column":8},"end":{"line":524,"column":10}},"309":{"start":{"line":523,"column":12},"end":{"line":523,"column":90}},"310":{"start":{"line":523,"column":25},"end":{"line":523,"column":89}},"311":{"start":{"line":525,"column":8},"end":{"line":527,"column":10}},"312":{"start":{"line":526,"column":12},"end":{"line":526,"column":96}},"313":{"start":{"line":526,"column":25},"end":{"line":526,"column":95}},"314":{"start":{"line":529,"column":8},"end":{"line":546,"column":10}},"315":{"start":{"line":530,"column":12},"end":{"line":530,"column":194}},"316":{"start":{"line":531,"column":12},"end":{"line":531,"column":194}},"317":{"start":{"line":533,"column":12},"end":{"line":533,"column":33}},"318":{"start":{"line":534,"column":12},"end":{"line":534,"column":33}},"319":{"start":{"line":535,"column":87},"end":{"line":535,"column":94}},"320":{"start":{"line":537,"column":12},"end":{"line":537,"column":48}},"321":{"start":{"line":538,"column":12},"end":{"line":538,"column":48}},"322":{"start":{"line":540,"column":29},"end":{"line":540,"column":60}},"323":{"start":{"line":542,"column":12},"end":{"line":542,"column":47}},"324":{"start":{"line":544,"column":12},"end":{"line":544,"column":42}},"325":{"start":{"line":549,"column":4},"end":{"line":586,"column":6}},"326":{"start":{"line":552,"column":8},"end":{"line":566,"column":10}},"327":{"start":{"line":554,"column":12},"end":{"line":554,"column":102}},"328":{"start":{"line":556,"column":12},"end":{"line":556,"column":192}},"329":{"start":{"line":558,"column":12},"end":{"line":558,"column":135}},"330":{"start":{"line":562,"column":12},"end":{"line":562,"column":29}},"331":{"start":{"line":563,"column":12},"end":{"line":563,"column":30}},"332":{"start":{"line":564,"column":12},"end":{"line":564,"column":32}},"333":{"start":{"line":565,"column":12},"end":{"line":565,"column":68}},"334":{"start":{"line":568,"column":8},"end":{"line":575,"column":10}},"335":{"start":{"line":570,"column":12},"end":{"line":570,"column":54}},"336":{"start":{"line":572,"column":26},"end":{"line":572,"column":54}},"337":{"start":{"line":574,"column":12},"end":{"line":574,"column":58}},"338":{"start":{"line":577,"column":8},"end":{"line":579,"column":10}},"339":{"start":{"line":578,"column":12},"end":{"line":578,"column":110}},"340":{"start":{"line":578,"column":25},"end":{"line":578,"column":109}},"341":{"start":{"line":580,"column":8},"end":{"line":582,"column":10}},"342":{"start":{"line":581,"column":12},"end":{"line":581,"column":97}},"343":{"start":{"line":581,"column":25},"end":{"line":581,"column":96}},"344":{"start":{"line":583,"column":8},"end":{"line":585,"column":10}},"345":{"start":{"line":584,"column":12},"end":{"line":584,"column":103}},"346":{"start":{"line":584,"column":25},"end":{"line":584,"column":102}},"347":{"start":{"line":589,"column":4},"end":{"line":653,"column":6}},"348":{"start":{"line":591,"column":8},"end":{"line":614,"column":10}},"349":{"start":{"line":592,"column":12},"end":{"line":592,"column":102}},"350":{"start":{"line":594,"column":12},"end":{"line":594,"column":29}},"351":{"start":{"line":596,"column":12},"end":{"line":596,"column":66}},"352":{"start":{"line":598,"column":12},"end":{"line":598,"column":212}},"353":{"start":{"line":600,"column":12},"end":{"line":600,"column":201}},"354":{"start":{"line":602,"column":12},"end":{"line":602,"column":204}},"355":{"start":{"line":604,"column":12},"end":{"line":604,"column":199}},"356":{"start":{"line":606,"column":12},"end":{"line":606,"column":214}},"357":{"start":{"line":608,"column":12},"end":{"line":608,"column":32}},"358":{"start":{"line":609,"column":12},"end":{"line":609,"column":33}},"359":{"start":{"line":610,"column":12},"end":{"line":610,"column":33}},"360":{"start":{"line":611,"column":12},"end":{"line":611,"column":33}},"361":{"start":{"line":612,"column":12},"end":{"line":612,"column":33}},"362":{"start":{"line":616,"column":8},"end":{"line":625,"column":10}},"363":{"start":{"line":618,"column":26},"end":{"line":618,"column":61}},"364":{"start":{"line":620,"column":29},"end":{"line":620,"column":62}},"365":{"start":{"line":622,"column":12},"end":{"line":622,"column":47}},"366":{"start":{"line":624,"column":54},"end":{"line":624,"column":62}},"367":{"start":{"line":627,"column":8},"end":{"line":636,"column":10}},"368":{"start":{"line":629,"column":26},"end":{"line":629,"column":43}},"369":{"start":{"line":631,"column":29},"end":{"line":631,"column":62}},"370":{"start":{"line":633,"column":12},"end":{"line":633,"column":47}},"371":{"start":{"line":635,"column":54},"end":{"line":635,"column":62}},"372":{"start":{"line":638,"column":8},"end":{"line":640,"column":10}},"373":{"start":{"line":639,"column":12},"end":{"line":639,"column":116}},"374":{"start":{"line":639,"column":25},"end":{"line":639,"column":115}},"375":{"start":{"line":643,"column":8},"end":{"line":645,"column":10}},"376":{"start":{"line":644,"column":12},"end":{"line":644,"column":102}},"377":{"start":{"line":644,"column":25},"end":{"line":644,"column":101}},"378":{"start":{"line":649,"column":8},"end":{"line":651,"column":10}},"379":{"start":{"line":650,"column":12},"end":{"line":650,"column":108}},"380":{"start":{"line":650,"column":25},"end":{"line":650,"column":107}},"381":{"start":{"line":655,"column":4},"end":{"line":846,"column":6}},"382":{"start":{"line":658,"column":8},"end":{"line":669,"column":10}},"383":{"start":{"line":660,"column":12},"end":{"line":660,"column":102}},"384":{"start":{"line":661,"column":12},"end":{"line":661,"column":140}},"385":{"start":{"line":663,"column":12},"end":{"line":663,"column":253}},"386":{"start":{"line":665,"column":12},"end":{"line":665,"column":29}},"387":{"start":{"line":666,"column":12},"end":{"line":666,"column":30}},"388":{"start":{"line":667,"column":12},"end":{"line":667,"column":32}},"389":{"start":{"line":668,"column":12},"end":{"line":668,"column":68}},"390":{"start":{"line":671,"column":8},"end":{"line":684,"column":10}},"391":{"start":{"line":672,"column":87},"end":{"line":672,"column":94}},"392":{"start":{"line":674,"column":29},"end":{"line":674,"column":72}},"393":{"start":{"line":677,"column":12},"end":{"line":677,"column":48}},"394":{"start":{"line":678,"column":12},"end":{"line":678,"column":62}},"395":{"start":{"line":679,"column":12},"end":{"line":679,"column":84}},"396":{"start":{"line":680,"column":12},"end":{"line":680,"column":72}},"397":{"start":{"line":681,"column":12},"end":{"line":681,"column":60}},"398":{"start":{"line":682,"column":12},"end":{"line":682,"column":55}},"399":{"start":{"line":686,"column":8},"end":{"line":688,"column":10}},"400":{"start":{"line":687,"column":12},"end":{"line":687,"column":112}},"401":{"start":{"line":687,"column":25},"end":{"line":687,"column":111}},"402":{"start":{"line":691,"column":8},"end":{"line":693,"column":10}},"403":{"start":{"line":692,"column":12},"end":{"line":692,"column":107}},"404":{"start":{"line":692,"column":25},"end":{"line":692,"column":106}},"405":{"start":{"line":697,"column":8},"end":{"line":699,"column":10}},"406":{"start":{"line":698,"column":12},"end":{"line":698,"column":113}},"407":{"start":{"line":698,"column":25},"end":{"line":698,"column":112}},"408":{"start":{"line":701,"column":8},"end":{"line":758,"column":10}},"409":{"start":{"line":704,"column":12},"end":{"line":729,"column":14}},"410":{"start":{"line":705,"column":16},"end":{"line":705,"column":116}},"411":{"start":{"line":707,"column":16},"end":{"line":707,"column":115}},"412":{"start":{"line":709,"column":16},"end":{"line":709,"column":119}},"413":{"start":{"line":711,"column":16},"end":{"line":711,"column":227}},"414":{"start":{"line":713,"column":16},"end":{"line":713,"column":219}},"415":{"start":{"line":715,"column":16},"end":{"line":715,"column":185}},"416":{"start":{"line":717,"column":16},"end":{"line":717,"column":219}},"417":{"start":{"line":721,"column":16},"end":{"line":721,"column":33}},"418":{"start":{"line":722,"column":16},"end":{"line":722,"column":36}},"419":{"start":{"line":723,"column":16},"end":{"line":723,"column":37}},"420":{"start":{"line":724,"column":16},"end":{"line":724,"column":37}},"421":{"start":{"line":725,"column":16},"end":{"line":725,"column":34}},"422":{"start":{"line":726,"column":16},"end":{"line":726,"column":34}},"423":{"start":{"line":727,"column":16},"end":{"line":727,"column":37}},"424":{"start":{"line":728,"column":16},"end":{"line":728,"column":70}},"425":{"start":{"line":731,"column":12},"end":{"line":744,"column":14}},"426":{"start":{"line":734,"column":33},"end":{"line":734,"column":89}},"427":{"start":{"line":735,"column":16},"end":{"line":735,"column":51}},"428":{"start":{"line":737,"column":46},"end":{"line":737,"column":54}},"429":{"start":{"line":739,"column":16},"end":{"line":739,"column":56}},"430":{"start":{"line":740,"column":16},"end":{"line":740,"column":60}},"431":{"start":{"line":741,"column":16},"end":{"line":741,"column":58}},"432":{"start":{"line":742,"column":16},"end":{"line":742,"column":62}},"433":{"start":{"line":747,"column":12},"end":{"line":749,"column":14}},"434":{"start":{"line":748,"column":16},"end":{"line":748,"column":131}},"435":{"start":{"line":748,"column":29},"end":{"line":748,"column":130}},"436":{"start":{"line":751,"column":12},"end":{"line":753,"column":14}},"437":{"start":{"line":752,"column":16},"end":{"line":752,"column":125}},"438":{"start":{"line":752,"column":29},"end":{"line":752,"column":124}},"439":{"start":{"line":755,"column":12},"end":{"line":757,"column":14}},"440":{"start":{"line":756,"column":16},"end":{"line":756,"column":133}},"441":{"start":{"line":756,"column":29},"end":{"line":756,"column":132}},"442":{"start":{"line":760,"column":8},"end":{"line":845,"column":10}},"443":{"start":{"line":763,"column":12},"end":{"line":777,"column":14}},"444":{"start":{"line":764,"column":16},"end":{"line":764,"column":36}},"445":{"start":{"line":765,"column":16},"end":{"line":765,"column":119}},"446":{"start":{"line":767,"column":16},"end":{"line":767,"column":121}},"447":{"start":{"line":769,"column":16},"end":{"line":769,"column":170}},"448":{"start":{"line":771,"column":16},"end":{"line":771,"column":180}},"449":{"start":{"line":773,"column":16},"end":{"line":773,"column":33}},"450":{"start":{"line":774,"column":16},"end":{"line":774,"column":34}},"451":{"start":{"line":775,"column":16},"end":{"line":775,"column":36}},"452":{"start":{"line":776,"column":16},"end":{"line":776,"column":70}},"453":{"start":{"line":779,"column":12},"end":{"line":794,"column":14}},"454":{"start":{"line":780,"column":16},"end":{"line":780,"column":77}},"455":{"start":{"line":782,"column":16},"end":{"line":782,"column":70}},"456":{"start":{"line":784,"column":34},"end":{"line":784,"column":54}},"457":{"start":{"line":786,"column":16},"end":{"line":786,"column":52}},"458":{"start":{"line":788,"column":35},"end":{"line":788,"column":44}},"459":{"start":{"line":790,"column":16},"end":{"line":790,"column":72}},"460":{"start":{"line":796,"column":12},"end":{"line":817,"column":14}},"461":{"start":{"line":798,"column":33},"end":{"line":798,"column":41}},"462":{"start":{"line":800,"column":16},"end":{"line":800,"column":77}},"463":{"start":{"line":802,"column":16},"end":{"line":802,"column":70}},"464":{"start":{"line":804,"column":16},"end":{"line":804,"column":79}},"465":{"start":{"line":806,"column":34},"end":{"line":806,"column":54}},"466":{"start":{"line":808,"column":47},"end":{"line":808,"column":56}},"467":{"start":{"line":810,"column":16},"end":{"line":810,"column":73}},"468":{"start":{"line":812,"column":16},"end":{"line":812,"column":66}},"469":{"start":{"line":814,"column":16},"end":{"line":814,"column":80}},"470":{"start":{"line":820,"column":12},"end":{"line":822,"column":14}},"471":{"start":{"line":821,"column":16},"end":{"line":821,"column":131}},"472":{"start":{"line":821,"column":29},"end":{"line":821,"column":130}},"473":{"start":{"line":824,"column":12},"end":{"line":826,"column":14}},"474":{"start":{"line":825,"column":16},"end":{"line":825,"column":127}},"475":{"start":{"line":825,"column":29},"end":{"line":825,"column":126}},"476":{"start":{"line":828,"column":12},"end":{"line":830,"column":14}},"477":{"start":{"line":829,"column":16},"end":{"line":829,"column":123}},"478":{"start":{"line":829,"column":29},"end":{"line":829,"column":122}},"479":{"start":{"line":832,"column":12},"end":{"line":834,"column":14}},"480":{"start":{"line":833,"column":16},"end":{"line":833,"column":122}},"481":{"start":{"line":833,"column":29},"end":{"line":833,"column":121}},"482":{"start":{"line":836,"column":12},"end":{"line":838,"column":14}},"483":{"start":{"line":837,"column":16},"end":{"line":837,"column":129}},"484":{"start":{"line":837,"column":29},"end":{"line":837,"column":128}},"485":{"start":{"line":840,"column":12},"end":{"line":842,"column":14}},"486":{"start":{"line":841,"column":16},"end":{"line":841,"column":127}},"487":{"start":{"line":841,"column":29},"end":{"line":841,"column":126}},"488":{"start":{"line":848,"column":4},"end":{"line":905,"column":6}},"489":{"start":{"line":851,"column":8},"end":{"line":865,"column":10}},"490":{"start":{"line":852,"column":12},"end":{"line":852,"column":102}},"491":{"start":{"line":853,"column":12},"end":{"line":853,"column":192}},"492":{"start":{"line":854,"column":12},"end":{"line":854,"column":97}},"493":{"start":{"line":855,"column":12},"end":{"line":855,"column":97}},"494":{"start":{"line":856,"column":12},"end":{"line":856,"column":97}},"495":{"start":{"line":858,"column":12},"end":{"line":858,"column":29}},"496":{"start":{"line":859,"column":12},"end":{"line":859,"column":32}},"497":{"start":{"line":860,"column":12},"end":{"line":860,"column":33}},"498":{"start":{"line":861,"column":12},"end":{"line":861,"column":33}},"499":{"start":{"line":862,"column":12},"end":{"line":862,"column":33}},"500":{"start":{"line":863,"column":12},"end":{"line":863,"column":66}},"501":{"start":{"line":867,"column":8},"end":{"line":879,"column":10}},"502":{"start":{"line":869,"column":12},"end":{"line":869,"column":58}},"503":{"start":{"line":871,"column":29},"end":{"line":871,"column":63}},"504":{"start":{"line":873,"column":30},"end":{"line":873,"column":73}},"505":{"start":{"line":875,"column":12},"end":{"line":875,"column":43}},"506":{"start":{"line":877,"column":12},"end":{"line":877,"column":48}},"507":{"start":{"line":880,"column":8},"end":{"line":882,"column":10}},"508":{"start":{"line":881,"column":12},"end":{"line":881,"column":117}},"509":{"start":{"line":881,"column":25},"end":{"line":881,"column":116}},"510":{"start":{"line":884,"column":8},"end":{"line":886,"column":10}},"511":{"start":{"line":885,"column":12},"end":{"line":885,"column":114}},"512":{"start":{"line":885,"column":25},"end":{"line":885,"column":113}},"513":{"start":{"line":888,"column":8},"end":{"line":890,"column":10}},"514":{"start":{"line":889,"column":12},"end":{"line":889,"column":110}},"515":{"start":{"line":889,"column":25},"end":{"line":889,"column":109}},"516":{"start":{"line":892,"column":8},"end":{"line":894,"column":10}},"517":{"start":{"line":893,"column":12},"end":{"line":893,"column":110}},"518":{"start":{"line":893,"column":25},"end":{"line":893,"column":109}},"519":{"start":{"line":896,"column":8},"end":{"line":898,"column":10}},"520":{"start":{"line":897,"column":12},"end":{"line":897,"column":116}},"521":{"start":{"line":897,"column":25},"end":{"line":897,"column":115}},"522":{"start":{"line":900,"column":8},"end":{"line":902,"column":10}},"523":{"start":{"line":901,"column":12},"end":{"line":901,"column":115}},"524":{"start":{"line":901,"column":25},"end":{"line":901,"column":114}},"525":{"start":{"line":907,"column":4},"end":{"line":942,"column":6}},"526":{"start":{"line":910,"column":8},"end":{"line":919,"column":10}},"527":{"start":{"line":911,"column":12},"end":{"line":911,"column":102}},"528":{"start":{"line":912,"column":12},"end":{"line":912,"column":106}},"529":{"start":{"line":913,"column":12},"end":{"line":913,"column":219}},"530":{"start":{"line":915,"column":12},"end":{"line":915,"column":29}},"531":{"start":{"line":916,"column":12},"end":{"line":916,"column":30}},"532":{"start":{"line":917,"column":12},"end":{"line":917,"column":32}},"533":{"start":{"line":918,"column":12},"end":{"line":918,"column":68}},"534":{"start":{"line":921,"column":8},"end":{"line":928,"column":10}},"535":{"start":{"line":923,"column":12},"end":{"line":923,"column":48}},"536":{"start":{"line":925,"column":29},"end":{"line":925,"column":63}},"537":{"start":{"line":927,"column":12},"end":{"line":927,"column":61}},"538":{"start":{"line":930,"column":8},"end":{"line":932,"column":10}},"539":{"start":{"line":931,"column":12},"end":{"line":931,"column":105}},"540":{"start":{"line":931,"column":25},"end":{"line":931,"column":104}},"541":{"start":{"line":934,"column":8},"end":{"line":936,"column":10}},"542":{"start":{"line":935,"column":12},"end":{"line":935,"column":89}},"543":{"start":{"line":935,"column":25},"end":{"line":935,"column":88}},"544":{"start":{"line":938,"column":8},"end":{"line":940,"column":10}},"545":{"start":{"line":939,"column":12},"end":{"line":939,"column":100}},"546":{"start":{"line":939,"column":25},"end":{"line":939,"column":99}},"547":{"start":{"line":944,"column":4},"end":{"line":1256,"column":6}},"548":{"start":{"line":945,"column":8},"end":{"line":1020,"column":10}},"549":{"start":{"line":948,"column":12},"end":{"line":958,"column":14}},"550":{"start":{"line":949,"column":16},"end":{"line":949,"column":106}},"551":{"start":{"line":951,"column":16},"end":{"line":951,"column":196}},"552":{"start":{"line":955,"column":16},"end":{"line":955,"column":33}},"553":{"start":{"line":956,"column":16},"end":{"line":956,"column":36}},"554":{"start":{"line":957,"column":16},"end":{"line":957,"column":70}},"555":{"start":{"line":960,"column":12},"end":{"line":977,"column":14}},"556":{"start":{"line":961,"column":29},"end":{"line":961,"column":67}},"557":{"start":{"line":963,"column":16},"end":{"line":963,"column":98}},"558":{"start":{"line":965,"column":33},"end":{"line":965,"column":53}},"559":{"start":{"line":967,"column":16},"end":{"line":967,"column":51}},"560":{"start":{"line":969,"column":35},"end":{"line":969,"column":43}},"561":{"start":{"line":971,"column":16},"end":{"line":971,"column":72}},"562":{"start":{"line":974,"column":16},"end":{"line":974,"column":63}},"563":{"start":{"line":980,"column":12},"end":{"line":982,"column":14}},"564":{"start":{"line":981,"column":16},"end":{"line":981,"column":157}},"565":{"start":{"line":981,"column":29},"end":{"line":981,"column":156}},"566":{"start":{"line":983,"column":12},"end":{"line":985,"column":14}},"567":{"start":{"line":984,"column":16},"end":{"line":984,"column":154}},"568":{"start":{"line":984,"column":29},"end":{"line":984,"column":153}},"569":{"start":{"line":987,"column":12},"end":{"line":989,"column":14}},"570":{"start":{"line":988,"column":16},"end":{"line":988,"column":153}},"571":{"start":{"line":988,"column":29},"end":{"line":988,"column":152}},"572":{"start":{"line":990,"column":12},"end":{"line":992,"column":14}},"573":{"start":{"line":991,"column":16},"end":{"line":991,"column":146}},"574":{"start":{"line":991,"column":29},"end":{"line":991,"column":145}},"575":{"start":{"line":994,"column":12},"end":{"line":996,"column":14}},"576":{"start":{"line":995,"column":16},"end":{"line":995,"column":146}},"577":{"start":{"line":995,"column":29},"end":{"line":995,"column":145}},"578":{"start":{"line":997,"column":12},"end":{"line":999,"column":14}},"579":{"start":{"line":998,"column":16},"end":{"line":998,"column":150}},"580":{"start":{"line":998,"column":29},"end":{"line":998,"column":149}},"581":{"start":{"line":1001,"column":12},"end":{"line":1003,"column":14}},"582":{"start":{"line":1002,"column":16},"end":{"line":1002,"column":144}},"583":{"start":{"line":1002,"column":29},"end":{"line":1002,"column":143}},"584":{"start":{"line":1004,"column":12},"end":{"line":1006,"column":14}},"585":{"start":{"line":1005,"column":16},"end":{"line":1005,"column":144}},"586":{"start":{"line":1005,"column":29},"end":{"line":1005,"column":143}},"587":{"start":{"line":1007,"column":12},"end":{"line":1009,"column":14}},"588":{"start":{"line":1008,"column":16},"end":{"line":1008,"column":153}},"589":{"start":{"line":1008,"column":29},"end":{"line":1008,"column":152}},"590":{"start":{"line":1010,"column":12},"end":{"line":1012,"column":14}},"591":{"start":{"line":1011,"column":16},"end":{"line":1011,"column":157}},"592":{"start":{"line":1011,"column":29},"end":{"line":1011,"column":156}},"593":{"start":{"line":1014,"column":12},"end":{"line":1016,"column":14}},"594":{"start":{"line":1015,"column":16},"end":{"line":1015,"column":151}},"595":{"start":{"line":1015,"column":29},"end":{"line":1015,"column":150}},"596":{"start":{"line":1017,"column":12},"end":{"line":1019,"column":14}},"597":{"start":{"line":1018,"column":16},"end":{"line":1018,"column":151}},"598":{"start":{"line":1018,"column":29},"end":{"line":1018,"column":150}},"599":{"start":{"line":1023,"column":8},"end":{"line":1081,"column":10}},"600":{"start":{"line":1026,"column":12},"end":{"line":1043,"column":14}},"601":{"start":{"line":1027,"column":16},"end":{"line":1027,"column":110}},"602":{"start":{"line":1028,"column":16},"end":{"line":1028,"column":111}},"603":{"start":{"line":1030,"column":16},"end":{"line":1030,"column":227}},"604":{"start":{"line":1032,"column":16},"end":{"line":1032,"column":104}},"605":{"start":{"line":1034,"column":16},"end":{"line":1034,"column":101}},"606":{"start":{"line":1036,"column":16},"end":{"line":1036,"column":34}},"607":{"start":{"line":1037,"column":16},"end":{"line":1037,"column":33}},"608":{"start":{"line":1038,"column":16},"end":{"line":1038,"column":37}},"609":{"start":{"line":1039,"column":16},"end":{"line":1039,"column":37}},"610":{"start":{"line":1040,"column":16},"end":{"line":1040,"column":37}},"611":{"start":{"line":1042,"column":16},"end":{"line":1042,"column":70}},"612":{"start":{"line":1045,"column":12},"end":{"line":1054,"column":14}},"613":{"start":{"line":1047,"column":16},"end":{"line":1047,"column":54}},"614":{"start":{"line":1049,"column":32},"end":{"line":1049,"column":67}},"615":{"start":{"line":1051,"column":16},"end":{"line":1051,"column":60}},"616":{"start":{"line":1053,"column":16},"end":{"line":1053,"column":73}},"617":{"start":{"line":1056,"column":12},"end":{"line":1058,"column":14}},"618":{"start":{"line":1057,"column":16},"end":{"line":1057,"column":109}},"619":{"start":{"line":1057,"column":29},"end":{"line":1057,"column":108}},"620":{"start":{"line":1059,"column":12},"end":{"line":1061,"column":14}},"621":{"start":{"line":1060,"column":16},"end":{"line":1060,"column":95}},"622":{"start":{"line":1060,"column":29},"end":{"line":1060,"column":94}},"623":{"start":{"line":1063,"column":12},"end":{"line":1065,"column":14}},"624":{"start":{"line":1064,"column":16},"end":{"line":1064,"column":100}},"625":{"start":{"line":1064,"column":29},"end":{"line":1064,"column":99}},"626":{"start":{"line":1069,"column":12},"end":{"line":1071,"column":14}},"627":{"start":{"line":1070,"column":16},"end":{"line":1070,"column":109}},"628":{"start":{"line":1070,"column":29},"end":{"line":1070,"column":108}},"629":{"start":{"line":1072,"column":12},"end":{"line":1074,"column":14}},"630":{"start":{"line":1073,"column":16},"end":{"line":1073,"column":95}},"631":{"start":{"line":1073,"column":29},"end":{"line":1073,"column":94}},"632":{"start":{"line":1076,"column":12},"end":{"line":1078,"column":14}},"633":{"start":{"line":1077,"column":16},"end":{"line":1077,"column":100}},"634":{"start":{"line":1077,"column":29},"end":{"line":1077,"column":99}},"635":{"start":{"line":1083,"column":8},"end":{"line":1138,"column":10}},"636":{"start":{"line":1086,"column":12},"end":{"line":1112,"column":14}},"637":{"start":{"line":1088,"column":16},"end":{"line":1088,"column":107}},"638":{"start":{"line":1090,"column":16},"end":{"line":1090,"column":111}},"639":{"start":{"line":1092,"column":16},"end":{"line":1092,"column":199}},"640":{"start":{"line":1094,"column":16},"end":{"line":1094,"column":201}},"641":{"start":{"line":1096,"column":16},"end":{"line":1096,"column":153}},"642":{"start":{"line":1097,"column":16},"end":{"line":1097,"column":149}},"643":{"start":{"line":1098,"column":16},"end":{"line":1098,"column":150}},"644":{"start":{"line":1099,"column":16},"end":{"line":1099,"column":151}},"645":{"start":{"line":1100,"column":16},"end":{"line":1100,"column":150}},"646":{"start":{"line":1102,"column":16},"end":{"line":1102,"column":33}},"647":{"start":{"line":1103,"column":16},"end":{"line":1103,"column":34}},"648":{"start":{"line":1104,"column":16},"end":{"line":1104,"column":36}},"649":{"start":{"line":1105,"column":16},"end":{"line":1105,"column":37}},"650":{"start":{"line":1106,"column":16},"end":{"line":1106,"column":37}},"651":{"start":{"line":1107,"column":16},"end":{"line":1107,"column":37}},"652":{"start":{"line":1108,"column":16},"end":{"line":1108,"column":37}},"653":{"start":{"line":1109,"column":16},"end":{"line":1109,"column":37}},"654":{"start":{"line":1110,"column":16},"end":{"line":1110,"column":37}},"655":{"start":{"line":1111,"column":16},"end":{"line":1111,"column":72}},"656":{"start":{"line":1114,"column":12},"end":{"line":1125,"column":14}},"657":{"start":{"line":1116,"column":33},"end":{"line":1116,"column":75}},"658":{"start":{"line":1118,"column":16},"end":{"line":1118,"column":51}},"659":{"start":{"line":1120,"column":47},"end":{"line":1120,"column":55}},"660":{"start":{"line":1122,"column":16},"end":{"line":1122,"column":61}},"661":{"start":{"line":1123,"column":16},"end":{"line":1123,"column":61}},"662":{"start":{"line":1127,"column":12},"end":{"line":1129,"column":14}},"663":{"start":{"line":1128,"column":16},"end":{"line":1128,"column":116}},"664":{"start":{"line":1128,"column":29},"end":{"line":1128,"column":115}},"665":{"start":{"line":1130,"column":12},"end":{"line":1132,"column":14}},"666":{"start":{"line":1131,"column":16},"end":{"line":1131,"column":102}},"667":{"start":{"line":1131,"column":29},"end":{"line":1131,"column":101}},"668":{"start":{"line":1134,"column":12},"end":{"line":1136,"column":14}},"669":{"start":{"line":1135,"column":16},"end":{"line":1135,"column":107}},"670":{"start":{"line":1135,"column":29},"end":{"line":1135,"column":106}},"671":{"start":{"line":1140,"column":8},"end":{"line":1212,"column":10}},"672":{"start":{"line":1143,"column":12},"end":{"line":1163,"column":14}},"673":{"start":{"line":1144,"column":16},"end":{"line":1144,"column":119}},"674":{"start":{"line":1146,"column":16},"end":{"line":1146,"column":200}},"675":{"start":{"line":1148,"column":16},"end":{"line":1148,"column":126}},"676":{"start":{"line":1150,"column":16},"end":{"line":1150,"column":101}},"677":{"start":{"line":1152,"column":16},"end":{"line":1152,"column":102}},"678":{"start":{"line":1157,"column":16},"end":{"line":1157,"column":33}},"679":{"start":{"line":1158,"column":16},"end":{"line":1158,"column":36}},"680":{"start":{"line":1159,"column":16},"end":{"line":1159,"column":37}},"681":{"start":{"line":1160,"column":16},"end":{"line":1160,"column":37}},"682":{"start":{"line":1161,"column":16},"end":{"line":1161,"column":37}},"683":{"start":{"line":1162,"column":16},"end":{"line":1162,"column":70}},"684":{"start":{"line":1165,"column":12},"end":{"line":1184,"column":14}},"685":{"start":{"line":1167,"column":33},"end":{"line":1167,"column":76}},"686":{"start":{"line":1169,"column":16},"end":{"line":1169,"column":51}},"687":{"start":{"line":1171,"column":46},"end":{"line":1171,"column":54}},"688":{"start":{"line":1173,"column":16},"end":{"line":1173,"column":72}},"689":{"start":{"line":1176,"column":16},"end":{"line":1176,"column":63}},"690":{"start":{"line":1178,"column":16},"end":{"line":1178,"column":73}},"691":{"start":{"line":1181,"column":16},"end":{"line":1181,"column":61}},"692":{"start":{"line":1186,"column":12},"end":{"line":1188,"column":14}},"693":{"start":{"line":1187,"column":16},"end":{"line":1187,"column":115}},"694":{"start":{"line":1187,"column":29},"end":{"line":1187,"column":114}},"695":{"start":{"line":1189,"column":12},"end":{"line":1191,"column":14}},"696":{"start":{"line":1190,"column":16},"end":{"line":1190,"column":101}},"697":{"start":{"line":1190,"column":29},"end":{"line":1190,"column":100}},"698":{"start":{"line":1193,"column":12},"end":{"line":1195,"column":14}},"699":{"start":{"line":1194,"column":16},"end":{"line":1194,"column":106}},"700":{"start":{"line":1194,"column":29},"end":{"line":1194,"column":105}},"701":{"start":{"line":1197,"column":12},"end":{"line":1210,"column":14}},"702":{"start":{"line":1199,"column":32},"end":{"line":1199,"column":76}},"703":{"start":{"line":1202,"column":16},"end":{"line":1202,"column":71}},"704":{"start":{"line":1205,"column":16},"end":{"line":1205,"column":62}},"705":{"start":{"line":1207,"column":16},"end":{"line":1207,"column":73}},"706":{"start":{"line":1214,"column":8},"end":{"line":1255,"column":10}},"707":{"start":{"line":1217,"column":12},"end":{"line":1233,"column":14}},"708":{"start":{"line":1219,"column":16},"end":{"line":1219,"column":111}},"709":{"start":{"line":1221,"column":16},"end":{"line":1221,"column":227}},"710":{"start":{"line":1223,"column":16},"end":{"line":1223,"column":127}},"711":{"start":{"line":1225,"column":16},"end":{"line":1225,"column":101}},"712":{"start":{"line":1227,"column":16},"end":{"line":1227,"column":34}},"713":{"start":{"line":1228,"column":16},"end":{"line":1228,"column":37}},"714":{"start":{"line":1229,"column":16},"end":{"line":1229,"column":37}},"715":{"start":{"line":1230,"column":16},"end":{"line":1230,"column":37}},"716":{"start":{"line":1232,"column":16},"end":{"line":1232,"column":72}},"717":{"start":{"line":1235,"column":12},"end":{"line":1242,"column":14}},"718":{"start":{"line":1237,"column":16},"end":{"line":1237,"column":56}},"719":{"start":{"line":1239,"column":32},"end":{"line":1239,"column":67}},"720":{"start":{"line":1241,"column":16},"end":{"line":1241,"column":60}},"721":{"start":{"line":1244,"column":12},"end":{"line":1246,"column":14}},"722":{"start":{"line":1245,"column":16},"end":{"line":1245,"column":111}},"723":{"start":{"line":1245,"column":29},"end":{"line":1245,"column":110}},"724":{"start":{"line":1247,"column":12},"end":{"line":1249,"column":14}},"725":{"start":{"line":1248,"column":16},"end":{"line":1248,"column":97}},"726":{"start":{"line":1248,"column":29},"end":{"line":1248,"column":96}},"727":{"start":{"line":1251,"column":12},"end":{"line":1253,"column":14}},"728":{"start":{"line":1252,"column":16},"end":{"line":1252,"column":102}},"729":{"start":{"line":1252,"column":29},"end":{"line":1252,"column":101}},"730":{"start":{"line":1260,"column":4},"end":{"line":1474,"column":6}},"731":{"start":{"line":1261,"column":8},"end":{"line":1293,"column":10}},"732":{"start":{"line":1264,"column":12},"end":{"line":1277,"column":14}},"733":{"start":{"line":1265,"column":16},"end":{"line":1265,"column":108}},"734":{"start":{"line":1267,"column":16},"end":{"line":1267,"column":111}},"735":{"start":{"line":1269,"column":16},"end":{"line":1271,"column":18}},"736":{"start":{"line":1273,"column":16},"end":{"line":1273,"column":34}},"737":{"start":{"line":1274,"column":16},"end":{"line":1274,"column":34}},"738":{"start":{"line":1275,"column":16},"end":{"line":1275,"column":42}},"739":{"start":{"line":1276,"column":16},"end":{"line":1276,"column":72}},"740":{"start":{"line":1279,"column":12},"end":{"line":1290,"column":14}},"741":{"start":{"line":1280,"column":29},"end":{"line":1280,"column":41}},"742":{"start":{"line":1282,"column":16},"end":{"line":1282,"column":65}},"743":{"start":{"line":1284,"column":38},"end":{"line":1284,"column":63}},"744":{"start":{"line":1286,"column":40},"end":{"line":1286,"column":53}},"745":{"start":{"line":1287,"column":16},"end":{"line":1287,"column":77}},"746":{"start":{"line":1288,"column":16},"end":{"line":1288,"column":67}},"747":{"start":{"line":1289,"column":16},"end":{"line":1289,"column":64}},"748":{"start":{"line":1295,"column":8},"end":{"line":1379,"column":10}},"749":{"start":{"line":1298,"column":12},"end":{"line":1310,"column":14}},"750":{"start":{"line":1299,"column":16},"end":{"line":1299,"column":108}},"751":{"start":{"line":1301,"column":16},"end":{"line":1301,"column":111}},"752":{"start":{"line":1303,"column":16},"end":{"line":1303,"column":111}},"753":{"start":{"line":1305,"column":16},"end":{"line":1305,"column":34}},"754":{"start":{"line":1306,"column":16},"end":{"line":1306,"column":34}},"755":{"start":{"line":1307,"column":16},"end":{"line":1307,"column":34}},"756":{"start":{"line":1308,"column":16},"end":{"line":1308,"column":72}},"757":{"start":{"line":1312,"column":12},"end":{"line":1344,"column":14}},"758":{"start":{"line":1313,"column":16},"end":{"line":1313,"column":83}},"759":{"start":{"line":1314,"column":16},"end":{"line":1314,"column":92}},"760":{"start":{"line":1315,"column":16},"end":{"line":1315,"column":92}},"761":{"start":{"line":1317,"column":34},"end":{"line":1317,"column":78}},"762":{"start":{"line":1319,"column":16},"end":{"line":1319,"column":72}},"763":{"start":{"line":1320,"column":16},"end":{"line":1320,"column":72}},"764":{"start":{"line":1321,"column":16},"end":{"line":1321,"column":72}},"765":{"start":{"line":1322,"column":16},"end":{"line":1322,"column":72}},"766":{"start":{"line":1324,"column":34},"end":{"line":1324,"column":78}},"767":{"start":{"line":1325,"column":16},"end":{"line":1325,"column":69}},"768":{"start":{"line":1326,"column":16},"end":{"line":1326,"column":69}},"769":{"start":{"line":1327,"column":16},"end":{"line":1327,"column":69}},"770":{"start":{"line":1329,"column":16},"end":{"line":1329,"column":83}},"771":{"start":{"line":1330,"column":16},"end":{"line":1330,"column":93}},"772":{"start":{"line":1332,"column":34},"end":{"line":1332,"column":78}},"773":{"start":{"line":1333,"column":16},"end":{"line":1333,"column":72}},"774":{"start":{"line":1334,"column":16},"end":{"line":1334,"column":72}},"775":{"start":{"line":1336,"column":16},"end":{"line":1336,"column":72}},"776":{"start":{"line":1337,"column":34},"end":{"line":1337,"column":78}},"777":{"start":{"line":1339,"column":16},"end":{"line":1339,"column":69}},"778":{"start":{"line":1340,"column":16},"end":{"line":1340,"column":69}},"779":{"start":{"line":1346,"column":12},"end":{"line":1348,"column":14}},"780":{"start":{"line":1347,"column":16},"end":{"line":1347,"column":125}},"781":{"start":{"line":1347,"column":29},"end":{"line":1347,"column":124}},"782":{"start":{"line":1350,"column":12},"end":{"line":1352,"column":14}},"783":{"start":{"line":1351,"column":16},"end":{"line":1351,"column":120}},"784":{"start":{"line":1351,"column":29},"end":{"line":1351,"column":119}},"785":{"start":{"line":1354,"column":12},"end":{"line":1356,"column":14}},"786":{"start":{"line":1355,"column":16},"end":{"line":1355,"column":120}},"787":{"start":{"line":1355,"column":29},"end":{"line":1355,"column":119}},"788":{"start":{"line":1358,"column":12},"end":{"line":1360,"column":14}},"789":{"start":{"line":1359,"column":16},"end":{"line":1359,"column":117}},"790":{"start":{"line":1359,"column":29},"end":{"line":1359,"column":116}},"791":{"start":{"line":1363,"column":12},"end":{"line":1365,"column":14}},"792":{"start":{"line":1364,"column":16},"end":{"line":1364,"column":117}},"793":{"start":{"line":1364,"column":29},"end":{"line":1364,"column":116}},"794":{"start":{"line":1367,"column":12},"end":{"line":1369,"column":14}},"795":{"start":{"line":1368,"column":16},"end":{"line":1368,"column":120}},"796":{"start":{"line":1368,"column":29},"end":{"line":1368,"column":119}},"797":{"start":{"line":1371,"column":12},"end":{"line":1373,"column":14}},"798":{"start":{"line":1372,"column":16},"end":{"line":1372,"column":120}},"799":{"start":{"line":1372,"column":29},"end":{"line":1372,"column":119}},"800":{"start":{"line":1375,"column":12},"end":{"line":1377,"column":14}},"801":{"start":{"line":1376,"column":16},"end":{"line":1376,"column":125}},"802":{"start":{"line":1376,"column":29},"end":{"line":1376,"column":124}},"803":{"start":{"line":1381,"column":8},"end":{"line":1426,"column":10}},"804":{"start":{"line":1384,"column":12},"end":{"line":1404,"column":14}},"805":{"start":{"line":1385,"column":16},"end":{"line":1385,"column":108}},"806":{"start":{"line":1387,"column":16},"end":{"line":1387,"column":111}},"807":{"start":{"line":1389,"column":16},"end":{"line":1389,"column":111}},"808":{"start":{"line":1391,"column":16},"end":{"line":1391,"column":67}},"809":{"start":{"line":1392,"column":16},"end":{"line":1392,"column":68}},"810":{"start":{"line":1394,"column":16},"end":{"line":1394,"column":115}},"811":{"start":{"line":1395,"column":16},"end":{"line":1395,"column":115}},"812":{"start":{"line":1397,"column":16},"end":{"line":1397,"column":34}},"813":{"start":{"line":1398,"column":16},"end":{"line":1398,"column":34}},"814":{"start":{"line":1399,"column":16},"end":{"line":1399,"column":34}},"815":{"start":{"line":1400,"column":16},"end":{"line":1400,"column":42}},"816":{"start":{"line":1401,"column":16},"end":{"line":1401,"column":42}},"817":{"start":{"line":1402,"column":16},"end":{"line":1402,"column":72}},"818":{"start":{"line":1406,"column":12},"end":{"line":1419,"column":14}},"819":{"start":{"line":1408,"column":38},"end":{"line":1408,"column":69}},"820":{"start":{"line":1409,"column":16},"end":{"line":1409,"column":56}},"821":{"start":{"line":1410,"column":57},"end":{"line":1410,"column":70}},"822":{"start":{"line":1412,"column":16},"end":{"line":1412,"column":66}},"823":{"start":{"line":1413,"column":16},"end":{"line":1413,"column":74}},"824":{"start":{"line":1414,"column":16},"end":{"line":1414,"column":66}},"825":{"start":{"line":1415,"column":16},"end":{"line":1415,"column":74}},"826":{"start":{"line":1428,"column":8},"end":{"line":1473,"column":10}},"827":{"start":{"line":1431,"column":12},"end":{"line":1451,"column":14}},"828":{"start":{"line":1432,"column":16},"end":{"line":1432,"column":108}},"829":{"start":{"line":1434,"column":16},"end":{"line":1434,"column":111}},"830":{"start":{"line":1436,"column":16},"end":{"line":1436,"column":111}},"831":{"start":{"line":1438,"column":16},"end":{"line":1438,"column":67}},"832":{"start":{"line":1439,"column":16},"end":{"line":1439,"column":68}},"833":{"start":{"line":1441,"column":16},"end":{"line":1441,"column":115}},"834":{"start":{"line":1442,"column":16},"end":{"line":1442,"column":115}},"835":{"start":{"line":1444,"column":16},"end":{"line":1444,"column":34}},"836":{"start":{"line":1445,"column":16},"end":{"line":1445,"column":34}},"837":{"start":{"line":1446,"column":16},"end":{"line":1446,"column":34}},"838":{"start":{"line":1447,"column":16},"end":{"line":1447,"column":42}},"839":{"start":{"line":1448,"column":16},"end":{"line":1448,"column":42}},"840":{"start":{"line":1450,"column":16},"end":{"line":1450,"column":72}},"841":{"start":{"line":1453,"column":12},"end":{"line":1460,"column":14}},"842":{"start":{"line":1455,"column":37},"end":{"line":1455,"column":75}},"843":{"start":{"line":1457,"column":16},"end":{"line":1457,"column":77}},"844":{"start":{"line":1463,"column":12},"end":{"line":1470,"column":14}},"845":{"start":{"line":1464,"column":16},"end":{"line":1464,"column":72}},"846":{"start":{"line":1465,"column":37},"end":{"line":1465,"column":75}},"847":{"start":{"line":1467,"column":16},"end":{"line":1467,"column":52}},"848":{"start":{"line":1484,"column":4},"end":{"line":1484,"column":124}},"849":{"start":{"line":1484,"column":20},"end":{"line":1484,"column":123}},"850":{"start":{"line":1486,"column":4},"end":{"line":1486,"column":38}},"851":{"start":{"line":1486,"column":16},"end":{"line":1486,"column":37}}},"fnMap":{"0":{"name":"(anonymous_0)","decl":{"start":{"line":9,"column":18},"end":{"line":9,"column":19}},"loc":{"start":{"line":9,"column":24},"end":{"line":285,"column":1}},"line":9},"1":{"name":"(anonymous_1)","decl":{"start":{"line":10,"column":11},"end":{"line":10,"column":12}},"loc":{"start":{"line":10,"column":17},"end":{"line":10,"column":93}},"line":10},"2":{"name":"(anonymous_2)","decl":{"start":{"line":12,"column":15},"end":{"line":12,"column":16}},"loc":{"start":{"line":12,"column":21},"end":{"line":12,"column":124}},"line":12},"3":{"name":"(anonymous_3)","decl":{"start":{"line":14,"column":22},"end":{"line":14,"column":23}},"loc":{"start":{"line":14,"column":28},"end":{"line":283,"column":5}},"line":14},"4":{"name":"(anonymous_4)","decl":{"start":{"line":15,"column":29},"end":{"line":15,"column":30}},"loc":{"start":{"line":15,"column":35},"end":{"line":75,"column":9}},"line":15},"5":{"name":"(anonymous_5)","decl":{"start":{"line":18,"column":23},"end":{"line":18,"column":24}},"loc":{"start":{"line":18,"column":29},"end":{"line":23,"column":13}},"line":18},"6":{"name":"(anonymous_6)","decl":{"start":{"line":25,"column":49},"end":{"line":25,"column":50}},"loc":{"start":{"line":25,"column":61},"end":{"line":29,"column":13}},"line":25},"7":{"name":"(anonymous_7)","decl":{"start":{"line":31,"column":50},"end":{"line":31,"column":51}},"loc":{"start":{"line":31,"column":62},"end":{"line":40,"column":13}},"line":31},"8":{"name":"(anonymous_8)","decl":{"start":{"line":41,"column":48},"end":{"line":41,"column":49}},"loc":{"start":{"line":41,"column":54},"end":{"line":43,"column":13}},"line":41},"9":{"name":"(anonymous_9)","decl":{"start":{"line":42,"column":23},"end":{"line":42,"column":24}},"loc":{"start":{"line":42,"column":29},"end":{"line":42,"column":85}},"line":42},"10":{"name":"(anonymous_10)","decl":{"start":{"line":45,"column":44},"end":{"line":45,"column":45}},"loc":{"start":{"line":45,"column":50},"end":{"line":47,"column":13}},"line":45},"11":{"name":"(anonymous_11)","decl":{"start":{"line":46,"column":23},"end":{"line":46,"column":24}},"loc":{"start":{"line":46,"column":29},"end":{"line":46,"column":78}},"line":46},"12":{"name":"(anonymous_12)","decl":{"start":{"line":49,"column":44},"end":{"line":49,"column":45}},"loc":{"start":{"line":49,"column":50},"end":{"line":51,"column":13}},"line":49},"13":{"name":"(anonymous_13)","decl":{"start":{"line":50,"column":23},"end":{"line":50,"column":24}},"loc":{"start":{"line":50,"column":29},"end":{"line":50,"column":85}},"line":50},"14":{"name":"(anonymous_14)","decl":{"start":{"line":53,"column":45},"end":{"line":53,"column":46}},"loc":{"start":{"line":53,"column":51},"end":{"line":55,"column":13}},"line":53},"15":{"name":"(anonymous_15)","decl":{"start":{"line":54,"column":23},"end":{"line":54,"column":24}},"loc":{"start":{"line":54,"column":29},"end":{"line":54,"column":77}},"line":54},"16":{"name":"(anonymous_16)","decl":{"start":{"line":57,"column":45},"end":{"line":57,"column":46}},"loc":{"start":{"line":57,"column":51},"end":{"line":59,"column":13}},"line":57},"17":{"name":"(anonymous_17)","decl":{"start":{"line":58,"column":23},"end":{"line":58,"column":24}},"loc":{"start":{"line":58,"column":29},"end":{"line":58,"column":84}},"line":58},"18":{"name":"(anonymous_18)","decl":{"start":{"line":62,"column":54},"end":{"line":62,"column":55}},"loc":{"start":{"line":62,"column":60},"end":{"line":64,"column":13}},"line":62},"19":{"name":"(anonymous_19)","decl":{"start":{"line":63,"column":23},"end":{"line":63,"column":24}},"loc":{"start":{"line":63,"column":29},"end":{"line":63,"column":74}},"line":63},"20":{"name":"(anonymous_20)","decl":{"start":{"line":65,"column":48},"end":{"line":65,"column":49}},"loc":{"start":{"line":65,"column":54},"end":{"line":67,"column":13}},"line":65},"21":{"name":"(anonymous_21)","decl":{"start":{"line":66,"column":23},"end":{"line":66,"column":24}},"loc":{"start":{"line":66,"column":29},"end":{"line":66,"column":79}},"line":66},"22":{"name":"(anonymous_22)","decl":{"start":{"line":69,"column":54},"end":{"line":69,"column":55}},"loc":{"start":{"line":69,"column":60},"end":{"line":71,"column":13}},"line":69},"23":{"name":"(anonymous_23)","decl":{"start":{"line":70,"column":23},"end":{"line":70,"column":24}},"loc":{"start":{"line":70,"column":29},"end":{"line":70,"column":74}},"line":70},"24":{"name":"(anonymous_24)","decl":{"start":{"line":72,"column":48},"end":{"line":72,"column":49}},"loc":{"start":{"line":72,"column":54},"end":{"line":74,"column":13}},"line":72},"25":{"name":"(anonymous_25)","decl":{"start":{"line":73,"column":23},"end":{"line":73,"column":24}},"loc":{"start":{"line":73,"column":29},"end":{"line":73,"column":82}},"line":73},"26":{"name":"(anonymous_26)","decl":{"start":{"line":76,"column":26},"end":{"line":76,"column":27}},"loc":{"start":{"line":76,"column":32},"end":{"line":113,"column":9}},"line":76},"27":{"name":"(anonymous_27)","decl":{"start":{"line":77,"column":43},"end":{"line":77,"column":44}},"loc":{"start":{"line":77,"column":49},"end":{"line":110,"column":13}},"line":77},"28":{"name":"(anonymous_28)","decl":{"start":{"line":80,"column":27},"end":{"line":80,"column":28}},"loc":{"start":{"line":80,"column":39},"end":{"line":87,"column":17}},"line":80},"29":{"name":"(anonymous_29)","decl":{"start":{"line":89,"column":53},"end":{"line":89,"column":54}},"loc":{"start":{"line":89,"column":65},"end":{"line":93,"column":17}},"line":89},"30":{"name":"(anonymous_30)","decl":{"start":{"line":95,"column":56},"end":{"line":95,"column":57}},"loc":{"start":{"line":95,"column":62},"end":{"line":97,"column":17}},"line":95},"31":{"name":"(anonymous_31)","decl":{"start":{"line":96,"column":27},"end":{"line":96,"column":28}},"loc":{"start":{"line":96,"column":33},"end":{"line":96,"column":72}},"line":96},"32":{"name":"(anonymous_32)","decl":{"start":{"line":99,"column":56},"end":{"line":99,"column":57}},"loc":{"start":{"line":99,"column":62},"end":{"line":101,"column":17}},"line":99},"33":{"name":"(anonymous_33)","decl":{"start":{"line":100,"column":27},"end":{"line":100,"column":28}},"loc":{"start":{"line":100,"column":33},"end":{"line":100,"column":72}},"line":100},"34":{"name":"(anonymous_34)","decl":{"start":{"line":103,"column":52},"end":{"line":103,"column":53}},"loc":{"start":{"line":103,"column":58},"end":{"line":105,"column":17}},"line":103},"35":{"name":"(anonymous_35)","decl":{"start":{"line":104,"column":27},"end":{"line":104,"column":28}},"loc":{"start":{"line":104,"column":33},"end":{"line":104,"column":65}},"line":104},"36":{"name":"(anonymous_36)","decl":{"start":{"line":107,"column":52},"end":{"line":107,"column":53}},"loc":{"start":{"line":107,"column":58},"end":{"line":109,"column":17}},"line":107},"37":{"name":"(anonymous_37)","decl":{"start":{"line":108,"column":27},"end":{"line":108,"column":28}},"loc":{"start":{"line":108,"column":33},"end":{"line":108,"column":65}},"line":108},"38":{"name":"(anonymous_38)","decl":{"start":{"line":115,"column":27},"end":{"line":115,"column":28}},"loc":{"start":{"line":115,"column":33},"end":{"line":137,"column":9}},"line":115},"39":{"name":"(anonymous_39)","decl":{"start":{"line":118,"column":23},"end":{"line":118,"column":24}},"loc":{"start":{"line":118,"column":35},"end":{"line":126,"column":13}},"line":118},"40":{"name":"(anonymous_40)","decl":{"start":{"line":128,"column":49},"end":{"line":128,"column":50}},"loc":{"start":{"line":128,"column":61},"end":{"line":134,"column":13}},"line":128},"41":{"name":"(anonymous_41)","decl":{"start":{"line":139,"column":34},"end":{"line":139,"column":35}},"loc":{"start":{"line":139,"column":40},"end":{"line":164,"column":9}},"line":139},"42":{"name":"(anonymous_42)","decl":{"start":{"line":140,"column":43},"end":{"line":140,"column":44}},"loc":{"start":{"line":140,"column":49},"end":{"line":163,"column":13}},"line":140},"43":{"name":"(anonymous_43)","decl":{"start":{"line":143,"column":27},"end":{"line":143,"column":28}},"loc":{"start":{"line":143,"column":39},"end":{"line":150,"column":17}},"line":143},"44":{"name":"(anonymous_44)","decl":{"start":{"line":152,"column":53},"end":{"line":152,"column":54}},"loc":{"start":{"line":152,"column":65},"end":{"line":162,"column":17}},"line":152},"45":{"name":"(anonymous_45)","decl":{"start":{"line":166,"column":40},"end":{"line":166,"column":41}},"loc":{"start":{"line":166,"column":46},"end":{"line":282,"column":9}},"line":166},"46":{"name":"(anonymous_46)","decl":{"start":{"line":169,"column":23},"end":{"line":169,"column":24}},"loc":{"start":{"line":169,"column":35},"end":{"line":175,"column":13}},"line":169},"47":{"name":"(anonymous_47)","decl":{"start":{"line":177,"column":61},"end":{"line":177,"column":62}},"loc":{"start":{"line":177,"column":73},"end":{"line":200,"column":13}},"line":177},"48":{"name":"(anonymous_48)","decl":{"start":{"line":202,"column":43},"end":{"line":202,"column":44}},"loc":{"start":{"line":202,"column":49},"end":{"line":205,"column":13}},"line":202},"49":{"name":"(anonymous_49)","decl":{"start":{"line":204,"column":23},"end":{"line":204,"column":24}},"loc":{"start":{"line":204,"column":29},"end":{"line":204,"column":105}},"line":204},"50":{"name":"(anonymous_50)","decl":{"start":{"line":206,"column":44},"end":{"line":206,"column":45}},"loc":{"start":{"line":206,"column":50},"end":{"line":208,"column":13}},"line":206},"51":{"name":"(anonymous_51)","decl":{"start":{"line":207,"column":23},"end":{"line":207,"column":24}},"loc":{"start":{"line":207,"column":29},"end":{"line":207,"column":101}},"line":207},"52":{"name":"(anonymous_52)","decl":{"start":{"line":210,"column":55},"end":{"line":210,"column":56}},"loc":{"start":{"line":210,"column":61},"end":{"line":212,"column":13}},"line":210},"53":{"name":"(anonymous_53)","decl":{"start":{"line":211,"column":23},"end":{"line":211,"column":24}},"loc":{"start":{"line":211,"column":29},"end":{"line":211,"column":104}},"line":211},"54":{"name":"(anonymous_54)","decl":{"start":{"line":214,"column":45},"end":{"line":214,"column":46}},"loc":{"start":{"line":214,"column":51},"end":{"line":216,"column":13}},"line":214},"55":{"name":"(anonymous_55)","decl":{"start":{"line":215,"column":23},"end":{"line":215,"column":24}},"loc":{"start":{"line":215,"column":29},"end":{"line":215,"column":104}},"line":215},"56":{"name":"(anonymous_56)","decl":{"start":{"line":220,"column":71},"end":{"line":220,"column":72}},"loc":{"start":{"line":220,"column":83},"end":{"line":239,"column":13}},"line":220},"57":{"name":"(anonymous_57)","decl":{"start":{"line":241,"column":81},"end":{"line":241,"column":82}},"loc":{"start":{"line":241,"column":93},"end":{"line":260,"column":13}},"line":241},"58":{"name":"(anonymous_58)","decl":{"start":{"line":262,"column":72},"end":{"line":262,"column":73}},"loc":{"start":{"line":262,"column":84},"end":{"line":281,"column":13}},"line":262},"59":{"name":"(anonymous_59)","decl":{"start":{"line":287,"column":21},"end":{"line":287,"column":22}},"loc":{"start":{"line":287,"column":27},"end":{"line":1487,"column":1}},"line":287},"60":{"name":"(anonymous_60)","decl":{"start":{"line":288,"column":30},"end":{"line":288,"column":31}},"loc":{"start":{"line":288,"column":36},"end":{"line":382,"column":5}},"line":288},"61":{"name":"(anonymous_61)","decl":{"start":{"line":291,"column":19},"end":{"line":291,"column":20}},"loc":{"start":{"line":291,"column":31},"end":{"line":301,"column":9}},"line":291},"62":{"name":"(anonymous_62)","decl":{"start":{"line":303,"column":45},"end":{"line":303,"column":46}},"loc":{"start":{"line":303,"column":57},"end":{"line":323,"column":9}},"line":303},"63":{"name":"(anonymous_63)","decl":{"start":{"line":325,"column":44},"end":{"line":325,"column":45}},"loc":{"start":{"line":325,"column":50},"end":{"line":327,"column":9}},"line":325},"64":{"name":"(anonymous_64)","decl":{"start":{"line":326,"column":19},"end":{"line":326,"column":20}},"loc":{"start":{"line":326,"column":25},"end":{"line":326,"column":153}},"line":326},"65":{"name":"(anonymous_65)","decl":{"start":{"line":329,"column":46},"end":{"line":329,"column":47}},"loc":{"start":{"line":329,"column":52},"end":{"line":331,"column":9}},"line":329},"66":{"name":"(anonymous_66)","decl":{"start":{"line":330,"column":19},"end":{"line":330,"column":20}},"loc":{"start":{"line":330,"column":25},"end":{"line":330,"column":156}},"line":330},"67":{"name":"(anonymous_67)","decl":{"start":{"line":332,"column":53},"end":{"line":332,"column":54}},"loc":{"start":{"line":332,"column":59},"end":{"line":334,"column":9}},"line":332},"68":{"name":"(anonymous_68)","decl":{"start":{"line":333,"column":19},"end":{"line":333,"column":20}},"loc":{"start":{"line":333,"column":25},"end":{"line":333,"column":149}},"line":333},"69":{"name":"(anonymous_69)","decl":{"start":{"line":336,"column":52},"end":{"line":336,"column":53}},"loc":{"start":{"line":336,"column":58},"end":{"line":338,"column":9}},"line":336},"70":{"name":"(anonymous_70)","decl":{"start":{"line":337,"column":19},"end":{"line":337,"column":20}},"loc":{"start":{"line":337,"column":25},"end":{"line":337,"column":150}},"line":337},"71":{"name":"(anonymous_71)","decl":{"start":{"line":340,"column":45},"end":{"line":340,"column":46}},"loc":{"start":{"line":340,"column":51},"end":{"line":342,"column":9}},"line":340},"72":{"name":"(anonymous_72)","decl":{"start":{"line":341,"column":19},"end":{"line":341,"column":20}},"loc":{"start":{"line":341,"column":25},"end":{"line":341,"column":152}},"line":341},"73":{"name":"(anonymous_73)","decl":{"start":{"line":344,"column":40},"end":{"line":344,"column":41}},"loc":{"start":{"line":344,"column":46},"end":{"line":346,"column":9}},"line":344},"74":{"name":"(anonymous_74)","decl":{"start":{"line":345,"column":19},"end":{"line":345,"column":20}},"loc":{"start":{"line":345,"column":25},"end":{"line":345,"column":142}},"line":345},"75":{"name":"(anonymous_75)","decl":{"start":{"line":348,"column":42},"end":{"line":348,"column":43}},"loc":{"start":{"line":348,"column":48},"end":{"line":350,"column":9}},"line":348},"76":{"name":"(anonymous_76)","decl":{"start":{"line":349,"column":19},"end":{"line":349,"column":20}},"loc":{"start":{"line":349,"column":25},"end":{"line":349,"column":147}},"line":349},"77":{"name":"(anonymous_77)","decl":{"start":{"line":351,"column":49},"end":{"line":351,"column":50}},"loc":{"start":{"line":351,"column":55},"end":{"line":353,"column":9}},"line":351},"78":{"name":"(anonymous_78)","decl":{"start":{"line":352,"column":19},"end":{"line":352,"column":20}},"loc":{"start":{"line":352,"column":25},"end":{"line":352,"column":147}},"line":352},"79":{"name":"(anonymous_79)","decl":{"start":{"line":355,"column":48},"end":{"line":355,"column":49}},"loc":{"start":{"line":355,"column":54},"end":{"line":357,"column":9}},"line":355},"80":{"name":"(anonymous_80)","decl":{"start":{"line":356,"column":19},"end":{"line":356,"column":20}},"loc":{"start":{"line":356,"column":25},"end":{"line":356,"column":147}},"line":356},"81":{"name":"(anonymous_81)","decl":{"start":{"line":359,"column":41},"end":{"line":359,"column":42}},"loc":{"start":{"line":359,"column":47},"end":{"line":361,"column":9}},"line":359},"82":{"name":"(anonymous_82)","decl":{"start":{"line":360,"column":19},"end":{"line":360,"column":20}},"loc":{"start":{"line":360,"column":25},"end":{"line":360,"column":147}},"line":360},"83":{"name":"(anonymous_83)","decl":{"start":{"line":363,"column":40},"end":{"line":363,"column":41}},"loc":{"start":{"line":363,"column":46},"end":{"line":365,"column":9}},"line":363},"84":{"name":"(anonymous_84)","decl":{"start":{"line":364,"column":19},"end":{"line":364,"column":20}},"loc":{"start":{"line":364,"column":25},"end":{"line":364,"column":150}},"line":364},"85":{"name":"(anonymous_85)","decl":{"start":{"line":367,"column":42},"end":{"line":367,"column":43}},"loc":{"start":{"line":367,"column":48},"end":{"line":369,"column":9}},"line":367},"86":{"name":"(anonymous_86)","decl":{"start":{"line":368,"column":19},"end":{"line":368,"column":20}},"loc":{"start":{"line":368,"column":25},"end":{"line":368,"column":155}},"line":368},"87":{"name":"(anonymous_87)","decl":{"start":{"line":370,"column":49},"end":{"line":370,"column":50}},"loc":{"start":{"line":370,"column":55},"end":{"line":372,"column":9}},"line":370},"88":{"name":"(anonymous_88)","decl":{"start":{"line":371,"column":19},"end":{"line":371,"column":20}},"loc":{"start":{"line":371,"column":25},"end":{"line":371,"column":155}},"line":371},"89":{"name":"(anonymous_89)","decl":{"start":{"line":374,"column":48},"end":{"line":374,"column":49}},"loc":{"start":{"line":374,"column":54},"end":{"line":376,"column":9}},"line":374},"90":{"name":"(anonymous_90)","decl":{"start":{"line":375,"column":19},"end":{"line":375,"column":20}},"loc":{"start":{"line":375,"column":25},"end":{"line":375,"column":155}},"line":375},"91":{"name":"(anonymous_91)","decl":{"start":{"line":378,"column":41},"end":{"line":378,"column":42}},"loc":{"start":{"line":378,"column":47},"end":{"line":380,"column":9}},"line":378},"92":{"name":"(anonymous_92)","decl":{"start":{"line":379,"column":19},"end":{"line":379,"column":20}},"loc":{"start":{"line":379,"column":25},"end":{"line":379,"column":155}},"line":379},"93":{"name":"(anonymous_93)","decl":{"start":{"line":384,"column":30},"end":{"line":384,"column":31}},"loc":{"start":{"line":384,"column":36},"end":{"line":487,"column":5}},"line":384},"94":{"name":"(anonymous_94)","decl":{"start":{"line":387,"column":19},"end":{"line":387,"column":20}},"loc":{"start":{"line":387,"column":31},"end":{"line":397,"column":9}},"line":387},"95":{"name":"(anonymous_95)","decl":{"start":{"line":399,"column":73},"end":{"line":399,"column":74}},"loc":{"start":{"line":399,"column":85},"end":{"line":445,"column":9}},"line":399},"96":{"name":"(anonymous_96)","decl":{"start":{"line":448,"column":79},"end":{"line":448,"column":80}},"loc":{"start":{"line":448,"column":91},"end":{"line":481,"column":9}},"line":448},"9
[...]
art":{"line":615,"column":8},"end":{"line":615,"column":100}},{"start":{"line":615,"column":8},"end":{"line":615,"column":100}}],"line":615},"87":{"loc":{"start":{"line":617,"column":8},"end":{"line":617,"column":73}},"type":"if","locations":[{"start":{"line":617,"column":8},"end":{"line":617,"column":73}},{"start":{"line":617,"column":8},"end":{"line":617,"column":73}}],"line":617},"88":{"loc":{"start":{"line":618,"column":8},"end":{"line":618,"column":83}},"type":"if","locations":[{"start":{"line":618,"column":8},"end":{"line":618,"column":83}},{"start":{"line":618,"column":8},"end":{"line":618,"column":83}}],"line":618},"89":{"loc":{"start":{"line":631,"column":16},"end":{"line":631,"column":53}},"type":"if","locations":[{"start":{"line":631,"column":16},"end":{"line":631,"column":53}},{"start":{"line":631,"column":16},"end":{"line":631,"column":53}}],"line":631},"90":{"loc":{"start":{"line":642,"column":8},"end":{"line":642,"column":90}},"type":"if","locations":[{"start":{"line":642,"column":8},"end":{"line":642,"column":90}},{"start":{"line":642,"column":8},"end":{"line":642,"column":90}}],"line":642},"91":{"loc":{"start":{"line":643,"column":8},"end":{"line":643,"column":100}},"type":"if","locations":[{"start":{"line":643,"column":8},"end":{"line":643,"column":100}},{"start":{"line":643,"column":8},"end":{"line":643,"column":100}}],"line":643},"92":{"loc":{"start":{"line":645,"column":8},"end":{"line":645,"column":73}},"type":"if","locations":[{"start":{"line":645,"column":8},"end":{"line":645,"column":73}},{"start":{"line":645,"column":8},"end":{"line":645,"column":73}}],"line":645},"93":{"loc":{"start":{"line":646,"column":8},"end":{"line":646,"column":83}},"type":"if","locations":[{"start":{"line":646,"column":8},"end":{"line":646,"column":83}},{"start":{"line":646,"column":8},"end":{"line":646,"column":83}}],"line":646},"94":{"loc":{"start":{"line":659,"column":16},"end":{"line":659,"column":53}},"type":"if","locations":[{"start":{"line":659,"column":16},"end":{"line":659,"column":53}},{"start":{"line":659,"column":16},"end":{"line":659,"column":53}}],"line":659},"95":{"loc":{"start":{"line":674,"column":8},"end":{"line":674,"column":84}},"type":"if","locations":[{"start":{"line":674,"column":8},"end":{"line":674,"column":84}},{"start":{"line":674,"column":8},"end":{"line":674,"column":84}}],"line":674},"96":{"loc":{"start":{"line":675,"column":8},"end":{"line":675,"column":90}},"type":"if","locations":[{"start":{"line":675,"column":8},"end":{"line":675,"column":90}},{"start":{"line":675,"column":8},"end":{"line":675,"column":90}}],"line":675},"97":{"loc":{"start":{"line":676,"column":8},"end":{"line":676,"column":87}},"type":"if","locations":[{"start":{"line":676,"column":8},"end":{"line":676,"column":87}},{"start":{"line":676,"column":8},"end":{"line":676,"column":87}}],"line":676},"98":{"loc":{"start":{"line":677,"column":8},"end":{"line":677,"column":88}},"type":"if","locations":[{"start":{"line":677,"column":8},"end":{"line":677,"column":88}},{"start":{"line":677,"column":8},"end":{"line":677,"column":88}}],"line":677},"99":{"loc":{"start":{"line":678,"column":8},"end":{"line":678,"column":94}},"type":"if","locations":[{"start":{"line":678,"column":8},"end":{"line":678,"column":94}},{"start":{"line":678,"column":8},"end":{"line":678,"column":94}}],"line":678},"100":{"loc":{"start":{"line":680,"column":8},"end":{"line":680,"column":67}},"type":"if","locations":[{"start":{"line":680,"column":8},"end":{"line":680,"column":67}},{"start":{"line":680,"column":8},"end":{"line":680,"column":67}}],"line":680},"101":{"loc":{"start":{"line":681,"column":8},"end":{"line":681,"column":73}},"type":"if","locations":[{"start":{"line":681,"column":8},"end":{"line":681,"column":73}},{"start":{"line":681,"column":8},"end":{"line":681,"column":73}}],"line":681},"102":{"loc":{"start":{"line":682,"column":8},"end":{"line":682,"column":71}},"type":"if","locations":[{"start":{"line":682,"column":8},"end":{"line":682,"column":71}},{"start":{"line":682,"column":8},"end":{"line":682,"column":71}}],"line":682},"103":{"loc":{"start":{"line":683,"column":8},"end":{"line":683,"column":77}},"type":"if","locations":[{"start":{"line":683,"column":8},"end":{"line":683,"column":77}},{"start":{"line":683,"column":8},"end":{"line":683,"column":77}}],"line":683},"104":{"loc":{"start":{"line":685,"column":8},"end":{"line":685,"column":86}},"type":"if","locations":[{"start":{"line":685,"column":8},"end":{"line":685,"column":86}},{"start":{"line":685,"column":8},"end":{"line":685,"column":86}}],"line":685},"105":{"loc":{"start":{"line":699,"column":16},"end":{"line":699,"column":53}},"type":"if","locations":[{"start":{"line":699,"column":16},"end":{"line":699,"column":53}},{"start":{"line":699,"column":16},"end":{"line":699,"column":53}}],"line":699},"106":{"loc":{"start":{"line":760,"column":8},"end":{"line":760,"column":76}},"type":"if","locations":[{"start":{"line":760,"column":8},"end":{"line":760,"column":76}},{"start":{"line":760,"column":8},"end":{"line":760,"column":76}}],"line":760},"107":{"loc":{"start":{"line":761,"column":8},"end":{"line":761,"column":59}},"type":"if","locations":[{"start":{"line":761,"column":8},"end":{"line":761,"column":59}},{"start":{"line":761,"column":8},"end":{"line":761,"column":59}}],"line":761},"108":{"loc":{"start":{"line":771,"column":16},"end":{"line":771,"column":53}},"type":"if","locations":[{"start":{"line":771,"column":16},"end":{"line":771,"column":53}},{"start":{"line":771,"column":16},"end":{"line":771,"column":53}}],"line":771},"109":{"loc":{"start":{"line":784,"column":8},"end":{"line":784,"column":76}},"type":"if","locations":[{"start":{"line":784,"column":8},"end":{"line":784,"column":76}},{"start":{"line":784,"column":8},"end":{"line":784,"column":76}}],"line":784},"110":{"loc":{"start":{"line":785,"column":8},"end":{"line":785,"column":59}},"type":"if","locations":[{"start":{"line":785,"column":8},"end":{"line":785,"column":59}},{"start":{"line":785,"column":8},"end":{"line":785,"column":59}}],"line":785},"111":{"loc":{"start":{"line":795,"column":16},"end":{"line":795,"column":53}},"type":"if","locations":[{"start":{"line":795,"column":16},"end":{"line":795,"column":53}},{"start":{"line":795,"column":16},"end":{"line":795,"column":53}}],"line":795},"112":{"loc":{"start":{"line":807,"column":8},"end":{"line":807,"column":92}},"type":"if","locations":[{"start":{"line":807,"column":8},"end":{"line":807,"column":92}},{"start":{"line":807,"column":8},"end":{"line":807,"column":92}}],"line":807},"113":{"loc":{"start":{"line":808,"column":8},"end":{"line":808,"column":75}},"type":"if","locations":[{"start":{"line":808,"column":8},"end":{"line":808,"column":75}},{"start":{"line":808,"column":8},"end":{"line":808,"column":75}}],"line":808},"114":{"loc":{"start":{"line":817,"column":16},"end":{"line":817,"column":53}},"type":"if","locations":[{"start":{"line":817,"column":16},"end":{"line":817,"column":53}},{"start":{"line":817,"column":16},"end":{"line":817,"column":53}}],"line":817},"115":{"loc":{"start":{"line":831,"column":8},"end":{"line":831,"column":88}},"type":"if","locations":[{"start":{"line":831,"column":8},"end":{"line":831,"column":88}},{"start":{"line":831,"column":8},"end":{"line":831,"column":88}}],"line":831},"116":{"loc":{"start":{"line":832,"column":8},"end":{"line":832,"column":71}},"type":"if","locations":[{"start":{"line":832,"column":8},"end":{"line":832,"column":71}},{"start":{"line":832,"column":8},"end":{"line":832,"column":71}}],"line":832},"117":{"loc":{"start":{"line":833,"column":8},"end":{"line":833,"column":92}},"type":"if","locations":[{"start":{"line":833,"column":8},"end":{"line":833,"column":92}},{"start":{"line":833,"column":8},"end":{"line":833,"column":92}}],"line":833},"118":{"loc":{"start":{"line":834,"column":8},"end":{"line":834,"column":83}},"type":"if","locations":[{"start":{"line":834,"column":8},"end":{"line":834,"column":83}},{"start":{"line":834,"column":8},"end":{"line":834,"column":83}}],"line":834},"119":{"loc":{"start":{"line":835,"column":8},"end":{"line":835,"column":80}},"type":"if","locations":[{"start":{"line":835,"column":8},"end":{"line":835,"column":80}},{"start":{"line":835,"column":8},"end":{"line":835,"column":80}}],"line":835},"120":{"loc":{"start":{"line":836,"column":8},"end":{"line":836,"column":77}},"type":"if","locations":[{"start":{"line":836,"column":8},"end":{"line":836,"column":77}},{"start":{"line":836,"column":8},"end":{"line":836,"column":77}}],"line":836},"121":{"loc":{"start":{"line":850,"column":16},"end":{"line":850,"column":53}},"type":"if","locations":[{"start":{"line":850,"column":16},"end":{"line":850,"column":53}},{"start":{"line":850,"column":16},"end":{"line":850,"column":53}}],"line":850},"122":{"loc":{"start":{"line":860,"column":8},"end":{"line":860,"column":86}},"type":"if","locations":[{"start":{"line":860,"column":8},"end":{"line":860,"column":86}},{"start":{"line":860,"column":8},"end":{"line":860,"column":86}}],"line":860},"123":{"loc":{"start":{"line":861,"column":8},"end":{"line":861,"column":69}},"type":"if","locations":[{"start":{"line":861,"column":8},"end":{"line":861,"column":69}},{"start":{"line":861,"column":8},"end":{"line":861,"column":69}}],"line":861},"124":{"loc":{"start":{"line":871,"column":16},"end":{"line":871,"column":53}},"type":"if","locations":[{"start":{"line":871,"column":16},"end":{"line":871,"column":53}},{"start":{"line":871,"column":16},"end":{"line":871,"column":53}}],"line":871},"125":{"loc":{"start":{"line":891,"column":16},"end":{"line":891,"column":53}},"type":"if","locations":[{"start":{"line":891,"column":16},"end":{"line":891,"column":53}},{"start":{"line":891,"column":16},"end":{"line":891,"column":53}}],"line":891}},"s":{"0":1,"1":1,"2":1,"3":2,"4":2,"5":2,"6":0,"7":18,"8":1,"9":17,"10":0,"11":17,"12":2,"13":15,"14":0,"15":15,"16":0,"17":15,"18":2,"19":13,"20":0,"21":13,"22":2,"23":11,"24":2,"25":9,"26":9,"27":9,"28":0,"29":133,"30":1,"31":132,"32":1,"33":131,"34":1,"35":130,"36":1,"37":129,"38":129,"39":129,"40":0,"41":129,"42":129,"43":129,"44":129,"45":129,"46":129,"47":0,"48":0,"49":1,"50":1,"51":1,"52":1,"53":1,"54":1,"55":1,"56":0,"57":1,"58":8,"59":4,"60":4,"61":4,"62":0,"63":1,"64":1,"65":1,"66":0,"67":1,"68":1,"69":1,"70":1,"71":0,"72":1,"73":3,"74":0,"75":3,"76":3,"77":3,"78":0,"79":1,"80":0,"81":1,"82":1,"83":1,"84":0,"85":1,"86":1,"87":1,"88":0,"89":1,"90":1,"91":0,"92":1,"93":0,"94":1,"95":0,"96":1,"97":0,"98":1,"99":0,"100":1,"101":0,"102":1,"103":0,"104":1,"105":0,"106":1,"107":0,"108":1,"109":1,"110":1,"111":0,"112":2,"113":0,"114":2,"115":0,"116":2,"117":2,"118":2,"119":0,"120":2,"121":1,"122":0,"123":1,"124":0,"125":1,"126":1,"127":1,"128":0,"129":1,"130":1,"131":0,"132":1,"133":0,"134":1,"135":1,"136":1,"137":0,"138":1,"139":2,"140":2,"141":1,"142":0,"143":0,"144":0,"145":0,"146":0,"147":0,"148":0,"149":0,"150":1,"151":0,"152":1,"153":0,"154":1,"155":1,"156":1,"157":0,"158":1,"159":1,"160":0,"161":1,"162":0,"163":1,"164":1,"165":1,"166":0,"167":0,"168":0,"169":0,"170":0,"171":0,"172":0,"173":0,"174":0,"175":0,"176":0,"177":0,"178":0,"179":1,"180":0,"181":1,"182":0,"183":1,"184":1,"185":1,"186":0,"187":1,"188":0,"189":0,"190":0,"191":0,"192":1,"193":0,"194":1,"195":0,"196":1,"197":1,"198":1,"199":0,"200":1,"201":0,"202":1,"203":0,"204":1,"205":1,"206":1,"207":0,"208":1,"209":1,"210":0,"211":1,"212":0,"213":1,"214":1,"215":1,"216":0,"217":1,"218":0,"219":1,"220":0,"221":1,"222":0,"223":1,"224":0,"225":1,"226":1,"227":1,"228":0,"229":1,"230":0,"231":1,"232":0,"233":1,"234":1,"235":1,"236":0,"237":2,"238":0,"239":2,"240":0,"241":2,"242":0,"243":2,"244":0,"245":2,"246":2,"247":2,"248":0,"249":0,"250":0,"251":0,"252":0,"253":0,"254":0,"255":0,"256":0,"257":0,"258":0,"259":0,"260":0,"261":1,"262":0,"263":1,"264":0,"265":1,"266":0,"267":1,"268":0,"269":1,"270":0,"271":1,"272":0,"273":1,"274":0,"275":1,"276":0,"277":1,"278":0,"279":1,"280":0,"281":1,"282":1,"283":1,"284":0,"285":0,"286":0,"287":0,"288":0,"289":0,"290":0,"291":0,"292":0,"293":0,"294":0,"295":0,"296":0,"297":0,"298":0,"299":0,"300":0,"301":0,"302":0,"303":0,"304":0,"305":0,"306":0,"307":0,"308":0,"309":0,"310":0,"311":0,"312":2,"313":0,"314":2,"315":0,"316":2,"317":2,"318":2,"319":0,"320":2,"321":6,"322":0,"323":6,"324":0,"325":6,"326":0,"327":6,"328":0,"329":6,"330":0,"331":6,"332":0,"333":6,"334":6,"335":6,"336":0,"337":4,"338":0,"339":4,"340":0,"341":4,"342":4,"343":4,"344":0,"345":4,"346":1,"347":1,"348":1,"349":0,"350":1,"351":2,"352":4,"353":2,"354":2,"355":1,"356":1},"f":{"0":2,"1":18,"2":9,"3":9,"4":133,"5":129,"6":129,"7":0,"8":0,"9":1,"10":1,"11":1,"12":1,"13":8,"14":4,"15":4,"16":1,"17":1,"18":1,"19":1,"20":1,"21":1,"22":3,"23":3,"24":3,"25":1,"26":1,"27":1,"28":1,"29":1,"30":1,"31":1,"32":1,"33":1,"34":2,"35":2,"36":2,"37":1,"38":1,"39":1,"40":1,"41":1,"42":1,"43":2,"44":0,"45":0,"46":0,"47":1,"48":1,"49":1,"50":1,"51":1,"52":1,"53":0,"54":0,"55":0,"56":1,"57":1,"58":1,"59":0,"60":0,"61":0,"62":1,"63":1,"64":1,"65":1,"66":1,"67":1,"68":1,"69":1,"70":1,"71":1,"72":1,"73":1,"74":1,"75":1,"76":1,"77":2,"78":2,"79":2,"80":0,"81":0,"82":0,"83":1,"84":1,"85":1,"86":0,"87":0,"88":0,"89":0,"90":0,"91":0,"92":0,"93":0,"94":0,"95":0,"96":0,"97":0,"98":2,"99":2,"100":2,"101":6,"102":6,"103":6,"104":4,"105":4,"106":4,"107":1,"108":1,"109":1,"110":2,"111":4},"b":{"0":[1,1],"1":[1,1],"2":[2,0],"3":[1,17],"4":[0,17],"5":[2,15],"6":[0,15],"7":[0,15],"8":[2,13],"9":[0,13],"10":[2,11],"11":[2,9],"12":[0,9],"13":[1,132],"14":[1,131],"15":[1,130],"16":[1,129],"17":[0,129],"18":[1,1],"19":[0,1],"20":[0,4],"21":[1,0],"22":[0,1],"23":[1,0],"24":[0,1],"25":[0,3],"26":[0,3],"27":[0,1],"28":[0,1],"29":[0,1],"30":[0,1],"31":[0,1],"32":[0,1],"33":[0,1],"34":[0,1],"35":[0,1],"36":[0,1],"37":[0,1],"38":[0,1],"39":[0,1],"40":[0,2],"41":[0,2],"42":[0,2],"43":[0,1],"44":[0,1],"45":[0,1],"46":[0,1],"47":[0,1],"48":[0,1],"49":[0,0],"50":[0,0],"51":[0,0],"52":[0,1],"53":[0,1],"54":[0,1],"55":[0,1],"56":[0,1],"57":[0,1],"58":[0,0],"59":[0,0],"60":[0,0],"61":[0,0],"62":[0,0],"63":[0,1],"64":[0,1],"65":[1,0],"66":[0,1],"67":[0,0],"68":[0,1],"69":[0,1],"70":[0,1],"71":[0,1],"72":[0,1],"73":[0,1],"74":[0,1],"75":[0,1],"76":[0,1],"77":[0,1],"78":[0,1],"79":[0,1],"80":[0,1],"81":[0,1],"82":[0,1],"83":[0,1],"84":[0,1],"85":[0,2],"86":[0,2],"87":[0,2],"88":[0,2],"89":[0,2],"90":[0,0],"91":[0,0],"92":[0,0],"93":[0,0],"94":[0,0],"95":[0,1],"96":[0,1],"97":[0,1],"98":[0,1],"99":[0,1],"100":[0,1],"101":[0,1],"102":[0,1],"103":[0,1],"104":[0,1],"105":[0,1],"106":[0,0],"107":[0,0],"108":[0,0],"109":[0,0],"110":[0,0],"111":[0,0],"112":[0,2],"113":[0,2],"114":[0,2],"115":[0,6],"116":[0,6],"117":[0,6],"118":[0,6],"119":[0,6],"120":[0,6],"121":[0,6],"122":[0,4],"123":[0,4],"124":[0,4],"125":[0,1]},"_coverageSchema":"43e27e138ebf9cfc5966b082cf9a028302ed4184","hash":"c3830d7bf2ad2b64f75a77e94a525f9b3542270c","contentHash":"3c2c7bad306979873577c9e0d877cfd5"},"/Users/seandaryanani/bootcamp/collab/skylab-bootcamp-201809/staff/sean-daryanani/final-project/app/src/utils/validate.js":{"path":"/Users/seandaryanani/bootcamp/collab/skylab-bootcamp-201809/staff/sean-daryanani/final-project/app/src/utils/validate.js","statementMap":{"0":{"start":{"line":4,"column":4},"end":{"line":25,"column":6}},"1":{"start":{"line":5,"column":8},"end":{"line":24,"column":9}},"2":{"start":{"line":7,"column":16},"end":{"line":7,"column":53}},"3":{"start":{"line":7,"column":48},"end":{"line":7,"column":53}},"4":{"start":{"line":9,"column":16},"end":{"line":9,"column":90}},"5":{"start":{"line":9,"column":47},"end":{"line":9,"column":90}},"6":{"start":{"line":11,"column":16},"end":{"line":11,"column":85}},"7":{"start":{"line":11,"column":42},"end":{"line":11,"column":85}},"8":{"start":{"line":13,"column":16},"end":{"line":13,"column":21}},"9":{"start":{"line":15,"column":16},"end":{"line":15,"column":53}},"10":{"start":{"line":15,"column":48},"end":{"line":15,"column":53}},"11":{"start":{"line":17,"column":16},"end":{"line":17,"column":92}},"12":{"start":{"line":17,"column":48},"end":{"line":17,"column":92}},"13":{"start":{"line":19,"column":16},"end":{"line":19,"column":21}},"14":{"start":{"line":21,"column":16},"end":{"line":21,"column":53}},"15":{"start":{"line":21,"column":48},"end":{"line":21,"column":53}},"16":{"start":{"line":23,"column":16},"end":{"line":23,"column":90}},"17":{"start":{"line":23,"column":47},"end":{"line":23,"column":90}},"18":{"start":{"line":28,"column":0},"end":{"line":28,"column":25}}},"fnMap":{"0":{"name":"validate","decl":{"start":{"line":3,"column":9},"end":{"line":3,"column":17}},"loc":{"start":{"line":3,"column":26},"end":{"line":26,"column":1}},"line":3},"1":{"name":"(anonymous_1)","decl":{"start":{"line":4,"column":19},"end":{"line":4,"column":20}},"loc":{"start":{"line":4,"column":55},"end":{"line":25,"column":5}},"line":4}},"branchMap":{"0":{"loc":{"start":{"line":5,"column":8},"end":{"line":24,"column":9}},"type":"switch","locations":[{"start":{"line":6,"column":12},"end":{"line":13,"column":21}},{"start":{"line":14,"column":12},"end":{"line":19,"column":21}},{"start":{"line":20,"column":12},"end":{"line":23,"column":90}}],"line":5},"1":{"loc":{"start":{"line":7,"column":16},"end":{"line":7,"column":53}},"type":"if","locations":[{"start":{"line":7,"column":16},"end":{"line":7,"column":53}},{"start":{"line":7,"column":16},"end":{"line":7,"column":53}}],"line":7},"2":{"loc":{"start":{"line":7,"column":20},"end":{"line":7,"column":46}},"type":"binary-expr","locations":[{"start":{"line":7,"column":20},"end":{"line":7,"column":28}},{"start":{"line":7,"column":32},"end":{"line":7,"column":46}}],"line":7},"3":{"loc":{"start":{"line":9,"column":16},"end":{"line":9,"column":90}},"type":"if","locations":[{"start":{"line":9,"column":16},"end":{"line":9,"column":90}},{"start":{"line":9,"column":16},"end":{"line":9,"column":90}}],"line":9},"4":{"loc":{"start":{"line":11,"column":16},"end":{"line":11,"column":85}},"type":"if","locations":[{"start":{"line":11,"column":16},"end":{"line":11,"column":85}},{"start":{"line":11,"column":16},"end":{"line":11,"column":85}}],"line":11},"5":{"loc":{"start":{"line":15,"column":16},"end":{"line":15,"column":53}},"type":"if","locations":[{"start":{"line":15,"column":16},"end":{"line":15,"column":53}},{"start":{"line":15,"column":16},"end":{"line":15,"column":53}}],"line":15},"6":{"loc":{"start":{"line":15,"column":20},"end":{"line":15,"column":46}},"type":"binary-expr","locations":[{"start":{"line":15,"column":20},"end":{"line":15,"column":28}},{"start":{"line":15,"column":32},"end":{"line":15,"column":46}}],"line":15},"7":{"loc":{"start":{"line":17,"column":16},"end":{"line":17,"column":92}},"type":"if","locations":[{"start":{"line":17,"column":16},"end":{"line":17,"column":92}},{"start":{"line":17,"column":16},"end":{"line":17,"column":92}}],"line":17},"8":{"loc":{"start":{"line":21,"column":16},"end":{"line":21,"column":53}},"type":"if","locations":[{"start":{"line":21,"column":16},"end":{"line":21,"column":53}},{"start":{"line":21,"column":16},"end":{"line":21,"column":53}}],"line":21},"9":{"loc":{"start":{"line":21,"column":20},"end":{"line":21,"column":46}},"type":"binary-expr","locations":[{"start":{"line":21,"column":20},"end":{"line":21,"column":28}},{"start":{"line":21,"column":32},"end":{"line":21,"column":46}}],"line":21},"10":{"loc":{"start":{"line":23,"column":16},"end":{"line":23,"column":90}},"type":"if","locations":[{"start":{"line":23,"column":16},"end":{"line":23,"column":90}},{"start":{"line":23,"column":16},"end":{"line":23,"column":90}}],"line":23}},"s":{"0":8,"1":30,"2":26,"3":3,"4":23,"5":4,"6":19,"7":0,"8":19,"9":0,"10":0,"11":0,"12":0,"13":0,"14":0,"15":0,"16":0,"17":0,"18":1},"f":{"0":8,"1":30},"b":{"0":[26,0,0],"1":[3,23],"2":[26,18],"3":[4,19],"4":[0,19],"5":[0,0],"6":[0,0],"7":[0,0],"8":[0,0],"9":[0,0],"10":[0,0]},"_coverageSchema":"43e27e138ebf9cfc5966b082cf9a028302ed4184","hash":"3cf068350a9cc8ea710d7550ca2f22dd489fcae3","contentHash":"0e7e7013609537419370ee5eebde137d"}}